 Cartesian Coordinates are in [bohr]
 Creating new Variables:
 OX1               2.54384834
 OY1               0.00377901
 OZ1               0.00000000
 CX2               0.23146462
 CY2               0.00059425
 CZ2               0.00000000
 CX3              -1.46667391
 CY3               2.17776546
 CZ3               0.00000000
 CX4              -1.45908026
 CY4              -2.18227921
 CZ4               0.00000000
 HX5              -0.62723552
 HY5               4.08090830
 HZ5               0.00000000
 HX6              -3.53054913
 HY6               2.00068128
 HZ6               0.00000000
 HX7              -0.61074343
 HY7              -4.08146542
 HZ7               0.00000000
 HX8              -3.52371043
 HY8              -2.01343098
 HZ8              -0.00100000

 Generated  18 symmetrical displacements

 Number of displacements for numerical gradient:     36

 Starting task   2   Incrementing displacement  1 by -1.   CPU=    0.00 sec, Elapsed=    0.00 sec


 Recomputing integrals since geometry changed


 PROGRAM * SEWARD (Integral evaluation for generally contracted gaussian basis sets)     Author: Roland Lindh, 1990

 Geometry written to block  1 of record 701


 Point group  C1  



 ATOMIC COORDINATES

 NR  ATOM    CHARGE       X              Y              Z

   1  O       8.00    2.543848326    0.003778982    0.002861953
   2  C       6.00    0.231464600    0.000594165    0.001571785
   3  C       6.00   -1.466673988    2.177765330    0.003753329
   4  C       6.00   -1.459080215   -2.182279345   -0.000807526
   5  H       1.00   -0.627235642    4.080908193   -0.007335649
   6  H       1.00   -3.530549201    2.000681061    0.003533881
   7  H       1.00   -0.610743313   -4.081465530   -0.002763257
   8  H       1.00   -3.523710300   -2.013430176   -0.001814543

 Bond lengths in Bohr (Angstrom)

 1-2  2.312386278  2-3  2.761114577  2-4  2.760957116  3-5  2.080079916  3-6  2.071458371
     ( 1.223662121)     ( 1.461118911)     ( 1.461035586)     ( 1.100730889)     ( 1.096168563)

 4-7  2.080045069  4-8  2.071523219
     ( 1.100712448)     ( 1.096202879)

 Bond angles

  1-2-3  127.87436670   1-2-4  127.83521778   2-3-5  118.24462795   2-3-6  123.04924298

  2-4-7  118.17416219   2-4-8  123.08095672   3-2-4  104.29040439   5-3-6  118.70490765

  7-4-8  118.74487170

 NUCLEAR CHARGE:                   30
 NUMBER OF PRIMITIVE AOS:         136
 NUMBER OF SYMMETRY AOS:          132
 NUMBER OF CONTRACTIONS:           76   (  76A   )
 NUMBER OF CORE ORBITALS:           4   (   4A   )
 NUMBER OF VALENCE ORBITALS:       20   (  20A   )


 NUCLEAR REPULSION ENERGY  104.69359958


 Eigenvalues of metric

         1 0.361E-02 0.380E-02 0.888E-02 0.153E-01 0.192E-01 0.256E-01 0.338E-01 0.362E-01


 Contracted 2-electron integrals neglected if value below      1.0D-11
 AO integral compression algorithm  1   Integral accuracy      1.0D-11

     19.399 MB (compressed) written to integral file ( 49.3%)


 NUMBER OF SORTED TWO-ELECTRON INTEGRALS:    4282201.     BUFFER LENGTH:  32768
 NUMBER OF SEGMENTS:   1  SEGMENT LENGTH:    4282201      RECORD LENGTH: 524288

 Memory used in sort:       4.84 MW

 SORT1 READ     4923780. AND WROTE     4175570. INTEGRALS IN     12 RECORDS. CPU TIME:     0.26 SEC, REAL TIME:     0.34 SEC
 SORT2 READ     4175570. AND WROTE     4282201. INTEGRALS IN     74 RECORDS. CPU TIME:     0.69 SEC, REAL TIME:     0.75 SEC

 FILE SIZES:   FILE 1:    39.1 MBYTE,  FILE 4:    50.4 MBYTE,   TOTAL:     89.5 MBYTE

 OPERATOR DM      FOR CENTER  0  COORDINATES:    0.000000    0.000000    0.000000

 PROGRAM * RHF-SCF (CLOSED SHELL)       Authors: W. Meyer, H.-J. Werner


 NUMBER OF ELECTRONS:      15+   15-    SPACE SYMMETRY=1    SPIN SYMMETRY: Singlet 
 CONVERGENCE THRESHOLDS:    1.00E-07 (Density)    1.00E-08 (Energy)
 MAX. NUMBER OF ITERATIONS:       60
 INTERPOLATION TYPE:            DIIS
 INTERPOLATION STEPS:              2 (START)      1 (STEP)
 LEVEL SHIFTS:                  0.00 (CLOSED)  0.00 (OPEN) 

 Number of closed-shell orbitals:   15 (  15 )


 Molecular orbitals read from record     2100.2  Type=RHF/CANONICAL (state 1.1)

 Molecular orbital dump at record        2100.1

 ITERATION    DDIFF          GRAD             ENERGY        2-EL.EN.            DIPOLE MOMENTS         DIIS   ORB.
    1      0.000D+00      0.000D+00      -190.65642578    342.089173   -2.09772   -0.00343   -0.00232    0    start
    2      0.000D+00      0.389D-04      -190.65642847    342.089120   -2.09771   -0.00344   -0.00261    1    diag
    3      0.769D-04      0.127D-04      -190.65642909    342.089132   -2.09771   -0.00345   -0.00255    2    diag
    4      0.351D-04      0.496D-05      -190.65642926    342.089111   -2.09771   -0.00345   -0.00246    3    diag
    5      0.208D-04      0.164D-05      -190.65642928    342.089130   -2.09771   -0.00344   -0.00241    4    diag
    6      0.834D-05      0.630D-06      -190.65642928    342.089111   -2.09771   -0.00346   -0.00241    5    diag
    7      0.332D-05      0.302D-06      -190.65642929    342.089123   -2.09771   -0.00343   -0.00241    6    diag
    8      0.168D-05      0.160D-06      -190.65642929    342.089122   -2.09771   -0.00345   -0.00241    7    orth
    9      0.651D-06      0.414D-07      -190.65642929    342.089118   -2.09771   -0.00345   -0.00241    8    diag
   10      0.161D-06      0.114D-07      -190.65642929    342.089120   -2.09771   -0.00345   -0.00241    9    diag
   11      0.411D-07      0.331D-08      -190.65642929    342.089119   -2.09771   -0.00345   -0.00241    0    orth

 Final occupancy:  15

 !RHF STATE 1.1 Energy               -190.656429285316
 Nuclear energy                       104.69359958
 One-electron energy                 -466.39458851
 Two-electron energy                  171.04455964
 Virial quotient                       -1.00190249
 !RHF STATE 1.1 Dipole moment          -2.09770848    -0.00344733    -0.00240789
 Dipole moment /Debye                  -5.33149393    -0.00876166    -0.00611984

 Orbital energies:

         1.1          2.1          3.1          4.1          5.1          6.1          7.1          8.1          9.1         10.1
    -20.466706   -11.320160   -11.320006   -11.317389    -1.326232    -1.060847    -0.936251    -0.754435    -0.664200    -0.654898

        11.1         12.1         13.1         14.1         15.1         16.1         17.1
     -0.564768    -0.560172    -0.520756    -0.381987    -0.303928    -0.014491     0.165332

 HOMO     15.1    -0.303928 =      -8.2703eV
 LUMO     16.1    -0.014491 =      -0.3943eV
 LUMO-HOMO         0.289437 =       7.8760eV


 **********************************************************************************************************************************
 DATASETS  * FILE   NREC   LENGTH (MB)   RECORD NAMES
              1      21       38.99       500      610      700      900      701      950      970     1000      129      960   
                                          VAR    BASINP    GEOM    SYMINP    GEOM     ZMAT    AOBASIS   BASIS     P2S    ABASIS    
                                         1100     1400     1410     1200     1210     1080     1600     1650     1300     1700   
                                           S        T        V       H0       H01     AOSYM     SMH    MOLCAS    ERIS     OPER   
                                         2100   
                                          RHF  

              2       6        3.42       700     1000      520     2100      701     5600   
                                         GEOM     BASIS   MCVARS     RHF     GEOM     GINFO   

 PROGRAMS   *        TOTAL       RHF      RMP2       RHF       INT
 CPU TIMES  *        12.57      5.65      0.60      1.75      3.69
 REAL TIME  *        13.66 SEC
 DISK USED  *        92.95 MB      
 **********************************************************************************************************************************


 PROGRAM * RMP2 (Restricted open-shell)     Authors: H.-J. Werner, 2001


 Convergence thresholds:  THRVAR = 1.00D-12  THRDEN = 1.00D-08

 Number of core orbitals:           4 (   4 )
 Number of closed-shell orbitals:  11 (  11 )
 Number of external orbitals:      61 (  61 )

 Reading UHF information from record   2100.1

                               TOTAL       A-A         B-B         A-B
 Pair energies:            -0.59457855 -0.07475026 -0.07475026 -0.44507803
 Singles energies:         -0.00000000 -0.00000000 -0.00000000

 Reference energy                    -190.656429285316
 Correlation energy                    -0.594578554062
 !RMP2 STATE 1.1 Energy              -191.251007839378


 **********************************************************************************************************************************
 DATASETS  * FILE   NREC   LENGTH (MB)   RECORD NAMES
              1      21       38.99       500      610      700      900      701      950      970     1000      129      960   
                                          VAR    BASINP    GEOM    SYMINP    GEOM     ZMAT    AOBASIS   BASIS     P2S    ABASIS    
                                         1100     1400     1410     1200     1210     1080     1600     1650     1300     1700   
                                           S        T        V       H0       H01     AOSYM     SMH    MOLCAS    ERIS     OPER   
                                         2100   
                                          RHF  

              2       6        3.42       700     1000      520     2100      701     5600   
                                         GEOM     BASIS   MCVARS     RHF     GEOM     GINFO   

 PROGRAMS   *        TOTAL      RMP2      RMP2       RHF       INT
 CPU TIMES  *        13.21      0.63      0.60      1.75      3.69
 REAL TIME  *        14.36 SEC
 DISK USED  *        92.95 MB      
 **********************************************************************************************************************************
 SETTING MOLPRO_ENERGY  =      -191.25100784  AU                              
 Starting task  11   Incrementing displacement  6 by  1.   CPU=    6.74 sec, Elapsed=    6.82 sec


 Recomputing integrals since geometry changed


 PROGRAM * SEWARD (Integral evaluation for generally contracted gaussian basis sets)     Author: Roland Lindh, 1990

 Geometry written to block  1 of record 701


 Point group  C1  



 ATOMIC COORDINATES

 NR  ATOM    CHARGE       X              Y              Z

   1  O       8.00    2.542023296    0.003790962    0.000000017
   2  C       6.00    0.229625675    0.000597200    0.000000175
   3  C       6.00   -1.468410268    2.177861668    0.000000233
   4  C       6.00   -1.460801360   -2.182380257   -0.000000491
   5  H       1.00   -0.621841221    4.078069495    0.000000016
   6  H       1.00   -3.532370271    2.002524388    0.000000351
   7  H       1.00   -0.605394829   -4.078618291    0.000000526
   8  H       1.00   -3.525510729   -2.015292472   -0.001000827

 Bond lengths in Bohr (Angstrom)

 1-2  2.312399827  2-3  2.761124160  2-4  2.760966159  3-5  2.080256941  3-6  2.071394230
     ( 1.223669291)     ( 1.461123982)     ( 1.461040372)     ( 1.100824566)     ( 1.096134621)

 4-7  2.080249748  4-8  2.071459415
     ( 1.100820760)     ( 1.096169116)

 Bond angles

  1-2-3  127.87132810   1-2-4  127.83217429   2-3-5  118.03590016   2-3-6  123.09473646

  2-4-7  117.96648363   2-4-8  123.12642461   3-2-4  104.29649761   5-3-6  118.86936338

  7-4-8  118.90708373

 NUCLEAR CHARGE:                   30
 NUMBER OF PRIMITIVE AOS:         136
 NUMBER OF SYMMETRY AOS:          132
 NUMBER OF CONTRACTIONS:           76   (  76A   )
 NUMBER OF CORE ORBITALS:           4   (   4A   )
 NUMBER OF VALENCE ORBITALS:       20   (  20A   )


 NUCLEAR REPULSION ENERGY  104.69782902


 Eigenvalues of metric

         1 0.360E-02 0.380E-02 0.888E-02 0.153E-01 0.192E-01 0.257E-01 0.339E-01 0.362E-01


 Contracted 2-electron integrals neglected if value below      1.0D-11
 AO integral compression algorithm  1   Integral accuracy      1.0D-11

     15.991 MB (compressed) written to integral file ( 40.6%)


 NUMBER OF SORTED TWO-ELECTRON INTEGRALS:    4282201.     BUFFER LENGTH:  32768
 NUMBER OF SEGMENTS:   1  SEGMENT LENGTH:    4282201      RECORD LENGTH: 524288

 Memory used in sort:       4.84 MW

 SORT1 READ     4923780. AND WROTE     3738152. INTEGRALS IN     11 RECORDS. CPU TIME:     0.27 SEC, REAL TIME:     0.34 SEC
 SORT2 READ     3738152. AND WROTE     4282201. INTEGRALS IN     61 RECORDS. CPU TIME:     0.68 SEC, REAL TIME:     0.75 SEC

 FILE SIZES:   FILE 1:    35.7 MBYTE,  FILE 4:    46.2 MBYTE,   TOTAL:     81.9 MBYTE

 OPERATOR DM      FOR CENTER  0  COORDINATES:    0.000000    0.000000    0.000000

 PROGRAM * RHF-SCF (CLOSED SHELL)       Authors: W. Meyer, H.-J. Werner


 NUMBER OF ELECTRONS:      15+   15-    SPACE SYMMETRY=1    SPIN SYMMETRY: Singlet 
 CONVERGENCE THRESHOLDS:    1.00E-07 (Density)    1.00E-08 (Energy)
 MAX. NUMBER OF ITERATIONS:       60
 INTERPOLATION TYPE:            DIIS
 INTERPOLATION STEPS:              2 (START)      1 (STEP)
 LEVEL SHIFTS:                  0.00 (CLOSED)  0.00 (OPEN) 

 Number of closed-shell orbitals:   15 (  15 )


 Molecular orbitals read from record     2100.2  Type=RHF/CANONICAL (state 1.1)

 Molecular orbital dump at record        2100.1

 ITERATION    DDIFF          GRAD             ENERGY        2-EL.EN.            DIPOLE MOMENTS         DIIS   ORB.
    1      0.000D+00      0.000D+00      -190.65637396    342.099089   -2.09644   -0.00344   -0.00014    0    start
    2      0.000D+00      0.354D-04      -190.65637545    342.099191   -2.09700   -0.00345   -0.00014    1    diag
    3      0.823D-04      0.815D-05      -190.65637556    342.098583   -2.09692   -0.00344   -0.00014    2    diag
    4      0.221D-04      0.196D-05      -190.65637556    342.099010   -2.09711   -0.00345   -0.00014    3    diag
    5      0.364D-05      0.103D-05      -190.65637556    342.098854   -2.09707   -0.00345   -0.00014    4    diag
    6      0.168D-05      0.990D-07      -190.65637556    342.098847   -2.09707   -0.00345   -0.00014    5    diag
    7      0.348D-06      0.380D-07      -190.65637556    342.098855   -2.09707   -0.00345   -0.00014    6    diag
    8      0.112D-06      0.180D-07      -190.65637556    342.098852   -2.09707   -0.00345   -0.00014    7    orth
    9      0.527D-07      0.588D-08      -190.65637556    342.098852   -2.09707   -0.00345   -0.00014    0    orth

 Final occupancy:  15

 !RHF STATE 1.1 Energy               -190.656375564299
 Nuclear energy                       104.69782902
 One-electron energy                 -466.40363075
 Two-electron energy                  171.04942617
 Virial quotient                       -1.00190259
 !RHF STATE 1.1 Dipole moment          -2.09707314    -0.00345011    -0.00014169
 Dipole moment /Debye                  -5.32987915    -0.00876872    -0.00036012

 Orbital energies:

         1.1          2.1          3.1          4.1          5.1          6.1          7.1          8.1          9.1         10.1
    -20.466730   -11.320123   -11.319971   -11.317295    -1.326244    -1.060801    -0.936261    -0.754179    -0.664308    -0.655059

        11.1         12.1         13.1         14.1         15.1         16.1         17.1
     -0.564829    -0.559955    -0.520751    -0.381959    -0.303923    -0.014483     0.165277

 HOMO     15.1    -0.303923 =      -8.2702eV
 LUMO     16.1    -0.014483 =      -0.3941eV
 LUMO-HOMO         0.289440 =       7.8761eV


 **********************************************************************************************************************************
 DATASETS  * FILE   NREC   LENGTH (MB)   RECORD NAMES
              1      21       35.17       500      610      700      900      701      950      970     1000      129      960   
                                          VAR    BASINP    GEOM    SYMINP    GEOM     ZMAT    AOBASIS   BASIS     P2S    ABASIS    
                                         1100     1400     1410     1200     1210     1080     1600     1650     1300     1700   
                                           S        T        V       H0       H01     AOSYM     SMH    MOLCAS    ERIS     OPER   
                                         2100   
                                          RHF  

              2       6        3.42       700     1000      520     2100      701     5600   
                                         GEOM     BASIS   MCVARS     RHF     GEOM     GINFO   

 PROGRAMS   *        TOTAL       RHF      RMP2       RHF       INT
 CPU TIMES  *        18.45      5.23      0.60      1.75      3.69
 REAL TIME  *        19.89 SEC
 DISK USED  *        92.95 MB      
 **********************************************************************************************************************************


 PROGRAM * RMP2 (Restricted open-shell)     Authors: H.-J. Werner, 2001


 Convergence thresholds:  THRVAR = 1.00D-12  THRDEN = 1.00D-08

 Number of core orbitals:           4 (   4 )
 Number of closed-shell orbitals:  11 (  11 )
 Number of external orbitals:      61 (  61 )

 Reading UHF information from record   2100.1

                               TOTAL       A-A         B-B         A-B
 Pair energies:            -0.59458520 -0.07475218 -0.07475218 -0.44508084
 Singles energies:         -0.00000000 -0.00000000 -0.00000000

 Reference energy                    -190.656375564299
 Correlation energy                    -0.594585202021
 !RMP2 STATE 1.1 Energy              -191.250960766320


 **********************************************************************************************************************************
 DATASETS  * FILE   NREC   LENGTH (MB)   RECORD NAMES
              1      21       35.17       500      610      700      900      701      950      970     1000      129      960   
                                          VAR    BASINP    GEOM    SYMINP    GEOM     ZMAT    AOBASIS   BASIS     P2S    ABASIS    
                                         1100     1400     1410     1200     1210     1080     1600     1650     1300     1700   
                                           S        T        V       H0       H01     AOSYM     SMH    MOLCAS    ERIS     OPER   
                                         2100   
                                          RHF  

              2       6        3.42       700     1000      520     2100      701     5600   
                                         GEOM     BASIS   MCVARS     RHF     GEOM     GINFO   

 PROGRAMS   *        TOTAL      RMP2      RMP2       RHF       INT
 CPU TIMES  *        19.08      0.62      0.60      1.75      3.69
 REAL TIME  *        20.58 SEC
 DISK USED  *        92.95 MB      
 **********************************************************************************************************************************
 SETTING MOLPRO_ENERGY  =      -191.25096077  AU                              

 Tasks on processor    0 finished.  CPU=     12.96 sec, Elapsed=     13.04 sec. Waiting for other processors...
 Tasks on  13 processors finished.  CPU=    254.07 sec, Elapsed=     19.51 sec

 Recomputing wavefunction at initial geometry


 Recomputing integrals since geometry changed


 PROGRAM * SEWARD (Integral evaluation for generally contracted gaussian basis sets)     Author: Roland Lindh, 1990

 Geometry written to block  1 of record 701


 Point group  C1  



 ATOMIC COORDINATES

 NR  ATOM    CHARGE       X              Y              Z

   1  O       8.00    2.543848344    0.003779007    0.000000000
   2  C       6.00    0.231464619    0.000594253    0.000000000
   3  C       6.00   -1.466673911    2.177765463    0.000000000
   4  C       6.00   -1.459080259   -2.182279208    0.000000000
   5  H       1.00   -0.627235517    4.080908299    0.000000000
   6  H       1.00   -3.530549131    2.000681277    0.000000000
   7  H       1.00   -0.610743425   -4.081465421    0.000000000
   8  H       1.00   -3.523710425   -2.013430976   -0.001000000

 Bond lengths in Bohr (Angstrom)

 1-2  2.312385918  2-3  2.761113715  2-4  2.760956090  3-5  2.080050353  3-6  2.071458359
     ( 1.223661931)     ( 1.461118455)     ( 1.461035043)     ( 1.100715245)     ( 1.096168557)

 4-7  2.080044148  4-8  2.071523219
     ( 1.100711961)     ( 1.096202879)

 Bond angles

  1-2-3  127.87441959   1-2-4  127.83520645   2-3-5  118.24534888   2-3-6  123.04926132

  2-4-7  118.17413486   2-4-8  123.08096966   3-2-4  104.29037396   5-3-6  118.70538980

  7-4-8  118.74488747

 NUCLEAR CHARGE:                   30
 NUMBER OF PRIMITIVE AOS:         136
 NUMBER OF SYMMETRY AOS:          132
 NUMBER OF CONTRACTIONS:           76   (  76A   )
 NUMBER OF CORE ORBITALS:           4   (   4A   )
 NUMBER OF VALENCE ORBITALS:       20   (  20A   )


 NUCLEAR REPULSION ENERGY  104.69367455


 Eigenvalues of metric

         1 0.361E-02 0.380E-02 0.888E-02 0.153E-01 0.192E-01 0.256E-01 0.338E-01 0.362E-01


 Contracted 2-electron integrals neglected if value below      1.0D-11
 AO integral compression algorithm  1   Integral accuracy      1.0D-11

     13.369 MB (compressed) written to integral file ( 34.3%)


 NUMBER OF SORTED TWO-ELECTRON INTEGRALS:    4282201.     BUFFER LENGTH:  32768
 NUMBER OF SEGMENTS:   1  SEGMENT LENGTH:    4282201      RECORD LENGTH: 524288

 Memory used in sort:       4.84 MW

 SORT1 READ     4923780. AND WROTE     2654527. INTEGRALS IN      8 RECORDS. CPU TIME:     0.25 SEC, REAL TIME:     0.29 SEC
 SORT2 READ     2654527. AND WROTE     4282201. INTEGRALS IN     51 RECORDS. CPU TIME:     0.63 SEC, REAL TIME:     0.70 SEC

 FILE SIZES:   FILE 1:    33.1 MBYTE,  FILE 4:    33.6 MBYTE,   TOTAL:     66.7 MBYTE

 OPERATOR DM      FOR CENTER  0  COORDINATES:    0.000000    0.000000    0.000000


 **********************************************************************************************************************************
 DATASETS  * FILE   NREC   LENGTH (MB)   RECORD NAMES
              1      20       30.99       500      610      700      900      701      950      970     1000      129      960   
                                          VAR    BASINP    GEOM    SYMINP    GEOM     ZMAT    AOBASIS   BASIS     P2S    ABASIS    
                                         1100     1400     1410     1200     1210     1080     1600     1650     1300     1700   
                                           S        T        V       H0       H01     AOSYM     SMH    MOLCAS    ERIS     OPER   

              2       6        3.42       700     1000      520     2100      701     5600   
                                         GEOM     BASIS   MCVARS     RHF     GEOM     GINFO   

 PROGRAMS   *        TOTAL       INT      RMP2       RHF       INT
 CPU TIMES  *        27.74     20.94      0.60      1.75      3.69
 REAL TIME  *        30.97 SEC
 DISK USED  *        92.95 MB      
 **********************************************************************************************************************************


 PROGRAM * RHF-SCF (CLOSED SHELL)       Authors: W. Meyer, H.-J. Werner


 NUMBER OF ELECTRONS:      15+   15-    SPACE SYMMETRY=1    SPIN SYMMETRY: Singlet 
 CONVERGENCE THRESHOLDS:    1.00E-06 (Density)    1.00E-07 (Energy)
 MAX. NUMBER OF ITERATIONS:       60
 INTERPOLATION TYPE:            DIIS
 INTERPOLATION STEPS:              2 (START)      1 (STEP)
 LEVEL SHIFTS:                  0.00 (CLOSED)  0.00 (OPEN) 



 Molecular orbitals read from record     2100.2  Type=RHF/CANONICAL (state 1.1)

 Molecular orbital dump at record        2100.2

 ITERATION    DDIFF          GRAD             ENERGY        2-EL.EN.            DIPOLE MOMENTS         DIIS   ORB.
    1      0.000D+00      0.000D+00      -190.65643154    342.089273   -2.09772   -0.00344   -0.00014    0    start
    2      0.000D+00      0.427D-07      -190.65643154    342.089263   -2.09772   -0.00344   -0.00014    0    orth

 Final occupancy:  15

 !RHF STATE 1.1 Energy               -190.656431536279
 Nuclear energy                       104.69367455
 One-electron energy                 -466.39473743
 Two-electron energy                  171.04463135
 Virial quotient                       -1.00190238
 !RHF STATE 1.1 Dipole moment          -2.09771552    -0.00344405    -0.00014166
 Dipole moment /Debye                  -5.33151181    -0.00875334    -0.00036004

 Orbital energies:

         1.1          2.1          3.1          4.1          5.1          6.1          7.1          8.1          9.1         10.1
    -20.466705   -11.320159   -11.320005   -11.317389    -1.326231    -1.060847    -0.936252    -0.754436    -0.664203    -0.654898

        11.1         12.1         13.1         14.1         15.1         16.1         17.1
     -0.564768    -0.560173    -0.520757    -0.381986    -0.303928    -0.014490     0.165332

 HOMO     15.1    -0.303928 =      -8.2703eV
 LUMO     16.1    -0.014490 =      -0.3943eV
 LUMO-HOMO         0.289438 =       7.8760eV


 **********************************************************************************************************************************
 DATASETS  * FILE   NREC   LENGTH (MB)   RECORD NAMES
              1      20       30.99       500      610      700      900      701      950      970     1000      129      960   
                                          VAR    BASINP    GEOM    SYMINP    GEOM     ZMAT    AOBASIS   BASIS     P2S    ABASIS    
                                         1100     1400     1410     1200     1210     1080     1600     1650     1300     1700   
                                           S        T        V       H0       H01     AOSYM     SMH    MOLCAS    ERIS     OPER   

              2       6        3.42       700     1000      520     2100      701     5600   
                                         GEOM     BASIS   MCVARS     RHF     GEOM     GINFO   

 PROGRAMS   *        TOTAL       RHF       INT      RMP2       RHF       INT
 CPU TIMES  *        28.06      0.32     20.94      0.60      1.75      3.69
 REAL TIME  *        31.31 SEC
 DISK USED  *        92.95 MB      
 **********************************************************************************************************************************


 PROGRAM * RMP2 (Restricted open-shell)     Authors: H.-J. Werner, 2001


 Convergence thresholds:  THRVAR = 1.00D-12  THRDEN = 1.00D-08

 Number of core orbitals:           4 (   4 )
 Number of closed-shell orbitals:  11 (  11 )
 Number of external orbitals:      61 (  61 )

 Reading UHF information from record   2100.2

                               TOTAL       A-A         B-B         A-B
 Pair energies:            -0.59457762 -0.07475017 -0.07475017 -0.44507729
 Singles energies:         -0.00000000 -0.00000000 -0.00000000

 Reference energy                    -190.656431536279
 Correlation energy                    -0.594577624020
 !RMP2 STATE 1.1 Energy              -191.251009160298


 **********************************************************************************************************************************
 DATASETS  * FILE   NREC   LENGTH (MB)   RECORD NAMES
              1      20       30.99       500      610      700      900      701      950      970     1000      129      960   
                                          VAR    BASINP    GEOM    SYMINP    GEOM     ZMAT    AOBASIS   BASIS     P2S    ABASIS    
                                         1100     1400     1410     1200     1210     1080     1600     1650     1300     1700   
                                           S        T        V       H0       H01     AOSYM     SMH    MOLCAS    ERIS     OPER   

              2       6        3.42       700     1000      520     2100      701     5600   
                                         GEOM     BASIS   MCVARS     RHF     GEOM     GINFO   

 PROGRAMS   *        TOTAL      RMP2       RHF       INT      RMP2       RHF       INT
 CPU TIMES  *        28.68      0.60      0.32     20.94      0.60      1.75      3.69
 REAL TIME  *        31.99 SEC
 DISK USED  *        92.95 MB      
 **********************************************************************************************************************************
 SETTING MOLPRO_ENERGY  =      -191.25100916  AU                              
