 Cartesian Coordinates are in [bohr]
 Creating new Variables:
 OX1              -2.50847694
 OY1              -0.00264625
 OZ1               0.00199513
 CX2              -0.18401792
 CY2              -0.00028705
 CZ2               0.00911722
 CX3               1.42696939
 CY3              -2.20274592
 CZ3              -0.00559147
 CX4               1.42184780
 CY4               2.20582538
 CZ4              -0.00470796
 HX5               0.58758061
 HY5              -4.06900805
 HZ5              -0.05877550
 HX6               3.46099053
 HY6              -2.02973923
 HZ6               0.05626635
 HX7               0.57671172
 HY7               4.06940381
 HZ7              -0.05765015
 HX8               3.45572200
 HY8               2.03809256
 HZ8               0.04257154

 Generated  18 symmetrical displacements

 Number of displacements for numerical gradient:     36

 Starting task   3   Incrementing displacement  2 by  1.   CPU=    0.00 sec, Elapsed=    0.00 sec


 Recomputing integrals since geometry changed


 PROGRAM * SEWARD (Integral evaluation for generally contracted gaussian basis sets)     Author: Roland Lindh, 1990

 Geometry written to block  1 of record 701


 Point group  C1  



 ATOMIC COORDINATES

 NR  ATOM    CHARGE       X              Y              Z

   1  O       8.00   -2.508458094   -0.002642224    0.001069185
   2  C       6.00   -0.183998188   -0.000282714    0.007870212
   3  C       6.00    1.426998100   -2.202726165   -0.008097259
   4  C       6.00    1.421860154    2.205843129   -0.004687047
   5  H       1.00    0.587437547   -4.069152425   -0.052836719
   6  H       1.00    3.461111361   -2.029702345    0.050708551
   7  H       1.00    0.576753475    4.069414115   -0.058333973
   8  H       1.00    3.455622832    2.038143884    0.047532213

 Bond lengths in Bohr (Angstrom)

 1-2  2.324471053  2-3  2.728794817  2-4  2.728723133  3-5  2.047049224  3-6  2.042305590
     ( 1.230057109)     ( 1.444016031)     ( 1.443978097)     ( 1.083251799)     ( 1.080741576)

 4-7  2.046944091  4-8  2.041333025
     ( 1.083196165)     ( 1.080226917)

 Bond angles

  1-2-3  126.12365728   1-2-4  126.10778484   2-3-5  119.59688189   2-3-6  121.29564023

  2-4-7  119.55152724   2-4-8  121.31771062   3-2-4  107.76274345   5-3-6  119.10166315

  7-4-8  119.13009604

 NUCLEAR CHARGE:                   30
 NUMBER OF PRIMITIVE AOS:         256
 NUMBER OF SYMMETRY AOS:          232
 NUMBER OF CONTRACTIONS:          176   ( 176A   )
 NUMBER OF CORE ORBITALS:           4   (   4A   )
 NUMBER OF VALENCE ORBITALS:       20   (  20A   )


 NUCLEAR REPULSION ENERGY  105.35753228


 Eigenvalues of metric

         1 0.703E-03 0.785E-03 0.118E-02 0.139E-02 0.146E-02 0.171E-02 0.203E-02 0.210E-02


 Contracted 2-electron integrals neglected if value below      1.0D-11
 AO integral compression algorithm  1   Integral accuracy      1.0D-11

     471.073 MB (compressed) written to integral file ( 43.7%)


 NUMBER OF SORTED TWO-ELECTRON INTEGRALS:  121313676.     BUFFER LENGTH:  32768
 NUMBER OF SEGMENTS:   8  SEGMENT LENGTH:   15999503      RECORD LENGTH: 524288

 Memory used in sort:      16.56 MW

 SORT1 READ   134794175. AND WROTE   112035221. INTEGRALS IN    324 RECORDS. CPU TIME:     7.74 SEC, REAL TIME:    14.68 SEC
 SORT2 READ   112035221. AND WROTE   121313676. INTEGRALS IN   1797 RECORDS. CPU TIME:     8.09 SEC, REAL TIME:    14.18 SEC

 FILE SIZES:   FILE 1:   491.7 MBYTE,  FILE 4:  1359.0 MBYTE,   TOTAL:   1850.7 MBYTE

 OPERATOR DM      FOR CENTER  0  COORDINATES:    0.000000    0.000000    0.000000

 PROGRAM * RHF-SCF (CLOSED SHELL)       Authors: W. Meyer, H.-J. Werner


 NUMBER OF ELECTRONS:      15+   15-    SPACE SYMMETRY=1    SPIN SYMMETRY: Singlet 
 CONVERGENCE THRESHOLDS:    1.00E-07 (Density)    1.00E-08 (Energy)
 MAX. NUMBER OF ITERATIONS:       60
 INTERPOLATION TYPE:            DIIS
 INTERPOLATION STEPS:              2 (START)      1 (STEP)
 LEVEL SHIFTS:                  0.00 (CLOSED)  0.00 (OPEN) 

 Number of closed-shell orbitals:   15 (  15 )


 Molecular orbitals read from record     2100.2  Type=RHF/CANONICAL (state 1.1)

 Molecular orbital dump at record        2100.1

 ITERATION    DDIFF          GRAD             ENERGY        2-EL.EN.            DIPOLE MOMENTS         DIIS   ORB.
    1      0.000D+00      0.000D+00      -190.71710098    343.370299    2.15577    0.00242    0.00516    0    start
    2      0.000D+00      0.245D-04      -190.71710319    343.370318    2.15578    0.00247    0.00466    1    diag
    3      0.394D-04      0.725D-05      -190.71710366    343.370291    2.15577    0.00250    0.00485    2    diag
    4      0.136D-04      0.283D-05      -190.71710378    343.370346    2.15580    0.00256    0.00468    3    diag
    5      0.705D-05      0.912D-06      -190.71710379    343.370283    2.15578    0.00253    0.00473    4    diag
    6      0.235D-05      0.453D-06      -190.71710379    343.370345    2.15580    0.00259    0.00469    5    diag
    7      0.120D-05      0.247D-06      -190.71710380    343.370306    2.15579    0.00255    0.00467    6    diag
    8      0.633D-06      0.133D-06      -190.71710380    343.370317    2.15579    0.00257    0.00467    7    orth
    9      0.540D-06      0.375D-07      -190.71710380    343.370322    2.15579    0.00257    0.00467    8    diag
   10      0.137D-06      0.164D-07      -190.71710380    343.370318    2.15579    0.00257    0.00467    9    diag
   11      0.337D-07      0.748D-08      -190.71710380    343.370320    2.15579    0.00257    0.00467    0    orth

 Final occupancy:  15

 !RHF STATE 1.1 Energy               -190.717103795918
 Nuclear energy                       105.35753228
 One-electron energy                 -467.75979602
 Two-electron energy                  171.68515995
 Virial quotient                       -1.00149916
 !RHF STATE 1.1 Dipole moment           2.15579226     0.00256794     0.00466702
 Dipole moment /Debye                   5.47911850     0.00652662     0.01186161

 Orbital energies:

         1.1          2.1          3.1          4.1          5.1          6.1          7.1          8.1          9.1         10.1
    -20.460392   -11.314957   -11.314861   -11.308579    -1.321924    -1.066097    -0.949125    -0.761764    -0.674150    -0.664371

        11.1         12.1         13.1         14.1         15.1         16.1         17.1
     -0.577757    -0.562131    -0.523399    -0.386432    -0.308799    -0.022247     0.129426

 HOMO     15.1    -0.308799 =      -8.4028eV
 LUMO     16.1    -0.022247 =      -0.6054eV
 LUMO-HOMO         0.286552 =       7.7975eV


 **********************************************************************************************************************************
 DATASETS  * FILE   NREC   LENGTH (MB)   RECORD NAMES
              1      21      447.31       500      610      700      900      701      950      970     1000      129      960   
                                          VAR    BASINP    GEOM    SYMINP    GEOM     ZMAT    AOBASIS   BASIS     P2S    ABASIS    
                                         1100     1400     1410     1200     1210     1080     1600     1650     1300     1700   
                                           S        T        V       H0       H01     AOSYM     SMH    MOLCAS    ERIS     OPER   
                                         2100   
                                          RHF  

              2       6        4.44       700     1000      520     2100      701     5600   
                                         GEOM     BASIS   MCVARS     RHF     GEOM     GINFO   

 PROGRAMS   *        TOTAL       RHF      RMP2       RHF       INT
 CPU TIMES  *       205.76     94.46     10.05     51.42     47.96
 REAL TIME  *       234.21 SEC
 DISK USED  *         1.86 GB      
 **********************************************************************************************************************************


 PROGRAM * RMP2 (Restricted open-shell)     Authors: H.-J. Werner, 2001


 Convergence thresholds:  THRVAR = 1.00D-12  THRDEN = 1.00D-08

 Number of core orbitals:           4 (   4 )
 Number of closed-shell orbitals:  11 (  11 )
 Number of external orbitals:     161 ( 161 )

 Reading UHF information from record   2100.1

                               TOTAL       A-A         B-B         A-B
 Pair energies:            -0.72569050 -0.08782101 -0.08782101 -0.55004847
 Singles energies:         -0.00000000 -0.00000000 -0.00000000

 Reference energy                    -190.717103795918
 Correlation energy                    -0.725690498335
 !RMP2 STATE 1.1 Energy              -191.442794294253


 **********************************************************************************************************************************
 DATASETS  * FILE   NREC   LENGTH (MB)   RECORD NAMES
              1      21      447.31       500      610      700      900      701      950      970     1000      129      960   
                                          VAR    BASINP    GEOM    SYMINP    GEOM     ZMAT    AOBASIS   BASIS     P2S    ABASIS    
                                         1100     1400     1410     1200     1210     1080     1600     1650     1300     1700   
                                           S        T        V       H0       H01     AOSYM     SMH    MOLCAS    ERIS     OPER   
                                         2100   
                                          RHF  

              2       6        4.44       700     1000      520     2100      701     5600   
                                         GEOM     BASIS   MCVARS     RHF     GEOM     GINFO   

 PROGRAMS   *        TOTAL      RMP2      RMP2       RHF       INT
 CPU TIMES  *       215.78     10.01     10.05     51.42     47.96
 REAL TIME  *       244.87 SEC
 DISK USED  *         1.86 GB      
 **********************************************************************************************************************************
 SETTING MOLPRO_ENERGY  =      -191.44279429  AU                              
 Starting task  10   Incrementing displacement  5 by -1.   CPU=  113.63 sec, Elapsed=  122.13 sec


 Recomputing integrals since geometry changed


 PROGRAM * SEWARD (Integral evaluation for generally contracted gaussian basis sets)     Author: Roland Lindh, 1990

 Geometry written to block  1 of record 701


 Point group  C1  



 ATOMIC COORDINATES

 NR  ATOM    CHARGE       X              Y              Z

   1  O       8.00   -2.508574674   -0.002638033    0.004478879
   2  C       6.00   -0.184091024   -0.000285117    0.001100868
   3  C       6.00    1.426906480   -2.202793530   -0.001585140
   4  C       6.00    1.421804150    2.205855169   -0.001254209
   5  H       1.00    0.587662634   -4.069004939   -0.058936256
   6  H       1.00    3.461062297   -2.029654731    0.055186820
   7  H       1.00    0.576799561    4.069396157   -0.057764244
   8  H       1.00    3.455757765    2.038020279    0.041998444

 Bond lengths in Bohr (Angstrom)

 1-2  2.324487296  2-3  2.728802573  2-4  2.728728608  3-5  2.047037959  3-6  2.042300171
     ( 1.230065704)     ( 1.444020135)     ( 1.443980994)     ( 1.083245838)     ( 1.080738708)

 4-7  2.046951673  4-8  2.041324730
     ( 1.083200177)     ( 1.080222527)

 Bond angles

  1-2-3  126.12518213   1-2-4  126.10967412   2-3-5  119.59221355   2-3-6  121.30276909

  2-4-7  119.54607075   2-4-8  121.32541297   3-2-4  107.76514321   5-3-6  119.10496451

  7-4-8  119.12766296

 NUCLEAR CHARGE:                   30
 NUMBER OF PRIMITIVE AOS:         256
 NUMBER OF SYMMETRY AOS:          232
 NUMBER OF CONTRACTIONS:          176   ( 176A   )
 NUMBER OF CORE ORBITALS:           4   (   4A   )
 NUMBER OF VALENCE ORBITALS:       20   (  20A   )


 NUCLEAR REPULSION ENERGY  105.35682665


 Eigenvalues of metric

         1 0.703E-03 0.784E-03 0.118E-02 0.139E-02 0.146E-02 0.171E-02 0.203E-02 0.210E-02


 Contracted 2-electron integrals neglected if value below      1.0D-11
 AO integral compression algorithm  1   Integral accuracy      1.0D-11

     467.403 MB (compressed) written to integral file ( 43.4%)


 NUMBER OF SORTED TWO-ELECTRON INTEGRALS:  121313676.     BUFFER LENGTH:  32768
 NUMBER OF SEGMENTS:   8  SEGMENT LENGTH:   15999503      RECORD LENGTH: 524288

 Memory used in sort:      16.56 MW

 SORT1 READ   134794175. AND WROTE   111965972. INTEGRALS IN    324 RECORDS. CPU TIME:     7.79 SEC, REAL TIME:    20.51 SEC
 SORT2 READ   111965972. AND WROTE   121313676. INTEGRALS IN   1783 RECORDS. CPU TIME:     8.30 SEC, REAL TIME:    11.20 SEC

 FILE SIZES:   FILE 1:   488.1 MBYTE,  FILE 4:  1359.0 MBYTE,   TOTAL:   1847.1 MBYTE

 OPERATOR DM      FOR CENTER  0  COORDINATES:    0.000000    0.000000    0.000000

 PROGRAM * RHF-SCF (CLOSED SHELL)       Authors: W. Meyer, H.-J. Werner


 NUMBER OF ELECTRONS:      15+   15-    SPACE SYMMETRY=1    SPIN SYMMETRY: Singlet 
 CONVERGENCE THRESHOLDS:    1.00E-07 (Density)    1.00E-08 (Energy)
 MAX. NUMBER OF ITERATIONS:       60
 INTERPOLATION TYPE:            DIIS
 INTERPOLATION STEPS:              2 (START)      1 (STEP)
 LEVEL SHIFTS:                  0.00 (CLOSED)  0.00 (OPEN) 

 Number of closed-shell orbitals:   15 (  15 )


 Molecular orbitals read from record     2100.2  Type=RHF/CANONICAL (state 1.1)

 Molecular orbital dump at record        2100.1

 ITERATION    DDIFF          GRAD             ENERGY        2-EL.EN.            DIPOLE MOMENTS         DIIS   ORB.
    1      0.000D+00      0.000D+00      -190.71706724    343.369084    2.15596    0.00233   -0.00273    0    start
    2      0.000D+00      0.827D-04      -190.71708849    343.368876    2.15597    0.00231    0.00098    1    diag
    3      0.116D-03      0.207D-04      -190.71709103    343.368941    2.15600    0.00227    0.00014    2    diag
    4      0.406D-04      0.495D-05      -190.71709132    343.368908    2.15599    0.00229    0.00061    3    diag
    5      0.105D-04      0.244D-05      -190.71709141    343.368925    2.15600    0.00225    0.00040    4    diag
    6      0.535D-05      0.145D-05      -190.71709147    343.368907    2.15600    0.00229    0.00034    5    diag
    7      0.668D-05      0.474D-06      -190.71709148    343.368944    2.15602    0.00221    0.00031    6    diag
    8      0.203D-05      0.228D-06      -190.71709148    343.368919    2.15601    0.00226    0.00030    7    orth
    9      0.520D-06      0.562D-07      -190.71709148    343.368925    2.15601    0.00225    0.00030    8    diag
   10      0.217D-06      0.188D-07      -190.71709148    343.368923    2.15601    0.00225    0.00030    9    diag
   11      0.369D-07      0.890D-08      -190.71709148    343.368923    2.15601    0.00225    0.00030    0    orth

 Final occupancy:  15

 !RHF STATE 1.1 Energy               -190.717091478177
 Nuclear energy                       105.35682665
 One-electron energy                 -467.75837952
 Two-electron energy                  171.68446139
 Virial quotient                       -1.00149899
 !RHF STATE 1.1 Dipole moment           2.15600696     0.00225161     0.00029860
 Dipole moment /Debye                   5.47966417     0.00572264     0.00075891

 Orbital energies:

         1.1          2.1          3.1          4.1          5.1          6.1          7.1          8.1          9.1         10.1
    -20.460391   -11.314965   -11.314850   -11.308584    -1.321915    -1.066096    -0.949128    -0.761767    -0.674156    -0.664387

        11.1         12.1         13.1         14.1         15.1         16.1         17.1
     -0.577745    -0.562126    -0.523402    -0.386432    -0.308784    -0.022257     0.129421

 HOMO     15.1    -0.308784 =      -8.4024eV
 LUMO     16.1    -0.022257 =      -0.6056eV
 LUMO-HOMO         0.286527 =       7.7968eV


 **********************************************************************************************************************************
 DATASETS  * FILE   NREC   LENGTH (MB)   RECORD NAMES
              1      21      443.67       500      610      700      900      701      950      970     1000      129      960   
                                          VAR    BASINP    GEOM    SYMINP    GEOM     ZMAT    AOBASIS   BASIS     P2S    ABASIS    
                                         1100     1400     1410     1200     1210     1080     1600     1650     1300     1700   
                                           S        T        V       H0       H01     AOSYM     SMH    MOLCAS    ERIS     OPER   
                                         2100   
                                          RHF  

              2       6        4.44       700     1000      520     2100      701     5600   
                                         GEOM     BASIS   MCVARS     RHF     GEOM     GINFO   

 PROGRAMS   *        TOTAL       RHF      RMP2       RHF       INT
 CPU TIMES  *       310.76     94.96     10.05     51.42     47.96
 REAL TIME  *       359.40 SEC
 DISK USED  *         1.86 GB      
 **********************************************************************************************************************************


 PROGRAM * RMP2 (Restricted open-shell)     Authors: H.-J. Werner, 2001


 Convergence thresholds:  THRVAR = 1.00D-12  THRDEN = 1.00D-08

 Number of core orbitals:           4 (   4 )
 Number of closed-shell orbitals:  11 (  11 )
 Number of external orbitals:     161 ( 161 )

 Reading UHF information from record   2100.1

                               TOTAL       A-A         B-B         A-B
 Pair energies:            -0.72569242 -0.08782110 -0.08782110 -0.55005022
 Singles energies:         -0.00000000 -0.00000000 -0.00000000

 Reference energy                    -190.717091478177
 Correlation energy                    -0.725692421607
 !RMP2 STATE 1.1 Energy              -191.442783899784


 **********************************************************************************************************************************
 DATASETS  * FILE   NREC   LENGTH (MB)   RECORD NAMES
              1      21      443.67       500      610      700      900      701      950      970     1000      129      960   
                                          VAR    BASINP    GEOM    SYMINP    GEOM     ZMAT    AOBASIS   BASIS     P2S    ABASIS    
                                         1100     1400     1410     1200     1210     1080     1600     1650     1300     1700   
                                           S        T        V       H0       H01     AOSYM     SMH    MOLCAS    ERIS     OPER   
                                         2100   
                                          RHF  

              2       6        4.44       700     1000      520     2100      701     5600   
                                         GEOM     BASIS   MCVARS     RHF     GEOM     GINFO   

 PROGRAMS   *        TOTAL      RMP2      RMP2       RHF       INT
 CPU TIMES  *       320.69      9.91     10.05     51.42     47.96
 REAL TIME  *       370.09 SEC
 DISK USED  *         1.86 GB      
 **********************************************************************************************************************************
 SETTING MOLPRO_ENERGY  =      -191.44278390  AU                              
 Starting task  21   Incrementing displacement 11 by  1.   CPU=  227.63 sec, Elapsed=  247.35 sec


 Recomputing integrals since geometry changed


 PROGRAM * SEWARD (Integral evaluation for generally contracted gaussian basis sets)     Author: Roland Lindh, 1990

 Geometry written to block  1 of record 701


 Point group  C1  



 ATOMIC COORDINATES

 NR  ATOM    CHARGE       X              Y              Z

   1  O       8.00   -2.508484370    0.004410491    0.001996233
   2  C       6.00   -0.184014844   -0.003413953    0.009116130
   3  C       6.00    1.428907283   -2.204127969   -0.005670079
   4  C       6.00    1.419912715    2.204439040   -0.004653084
   5  H       1.00    0.587181404   -4.069843753   -0.058803476
   6  H       1.00    3.464681096   -2.029482696    0.056375941
   7  H       1.00    0.577111169    4.068574433   -0.057623492
   8  H       1.00    3.452032735    2.038339660    0.042486991

 Bond lengths in Bohr (Angstrom)

 1-2  2.324493598  2-3  2.728530484  2-4  2.728990298  3-5  2.047491392  3-6  2.044193165
     ( 1.230069039)     ( 1.443876151)     ( 1.444119474)     ( 1.083485784)     ( 1.081740438)

 4-7  2.046489940  4-8  2.039441827
     ( 1.082955839)     ( 1.079226138)

 Bond angles

  1-2-3  126.42887018   1-2-4  125.80241084   2-3-5  119.47713956   2-3-6  121.30710023

  2-4-7  119.67178477   2-4-8  121.30670896   3-2-4  107.76275768   5-3-6  119.21219686

  7-4-8  119.02125598

 NUCLEAR CHARGE:                   30
 NUMBER OF PRIMITIVE AOS:         256
 NUMBER OF SYMMETRY AOS:          232
 NUMBER OF CONTRACTIONS:          176   ( 176A   )
 NUMBER OF CORE ORBITALS:           4   (   4A   )
 NUMBER OF VALENCE ORBITALS:       20   (  20A   )


 NUCLEAR REPULSION ENERGY  105.35737891


 Eigenvalues of metric

         1 0.703E-03 0.785E-03 0.118E-02 0.139E-02 0.146E-02 0.171E-02 0.203E-02 0.210E-02


 Contracted 2-electron integrals neglected if value below      1.0D-11
 AO integral compression algorithm  1   Integral accuracy      1.0D-11

     471.335 MB (compressed) written to integral file ( 43.7%)


 NUMBER OF SORTED TWO-ELECTRON INTEGRALS:  121313676.     BUFFER LENGTH:  32768
 NUMBER OF SEGMENTS:   8  SEGMENT LENGTH:   15999503      RECORD LENGTH: 524288

 Memory used in sort:      16.56 MW

 SORT1 READ   134794175. AND WROTE   112044423. INTEGRALS IN    324 RECORDS. CPU TIME:     7.80 SEC, REAL TIME:    11.20 SEC
 SORT2 READ   112044423. AND WROTE   121313676. INTEGRALS IN   1798 RECORDS. CPU TIME:     8.21 SEC, REAL TIME:    10.09 SEC

 FILE SIZES:   FILE 1:   492.0 MBYTE,  FILE 4:  1359.0 MBYTE,   TOTAL:   1851.0 MBYTE

 OPERATOR DM      FOR CENTER  0  COORDINATES:    0.000000    0.000000    0.000000

 PROGRAM * RHF-SCF (CLOSED SHELL)       Authors: W. Meyer, H.-J. Werner


 NUMBER OF ELECTRONS:      15+   15-    SPACE SYMMETRY=1    SPIN SYMMETRY: Singlet 
 CONVERGENCE THRESHOLDS:    1.00E-07 (Density)    1.00E-08 (Energy)
 MAX. NUMBER OF ITERATIONS:       60
 INTERPOLATION TYPE:            DIIS
 INTERPOLATION STEPS:              2 (START)      1 (STEP)
 LEVEL SHIFTS:                  0.00 (CLOSED)  0.00 (OPEN) 

 Number of closed-shell orbitals:   15 (  15 )


 Molecular orbitals read from record     2100.2  Type=RHF/CANONICAL (state 1.1)

 Molecular orbital dump at record        2100.1

 ITERATION    DDIFF          GRAD             ENERGY        2-EL.EN.            DIPOLE MOMENTS         DIIS   ORB.
    1      0.000D+00      0.000D+00      -190.71708659    343.370108    2.15582   -0.00307    0.00371    0    start
    2      0.000D+00      0.627D-04      -190.71709696    343.369947    2.15580    0.00097    0.00372    1    diag
    3      0.763D-04      0.161D-04      -190.71709827    343.370070    2.15583    0.00299    0.00371    2    diag
    4      0.253D-04      0.405D-05      -190.71709847    343.369940    2.15579    0.00568    0.00372    3    diag
    5      0.989D-05      0.361D-05      -190.71709852    343.369989    2.15581    0.00583    0.00371    4    diag
    6      0.386D-05      0.176D-05      -190.71709857    343.369999    2.15580    0.00704    0.00371    5    diag
    7      0.614D-05      0.878D-06      -190.71709857    343.369989    2.15580    0.00751    0.00371    6    diag
    8      0.311D-05      0.150D-06      -190.71709857    343.370010    2.15581    0.00759    0.00371    7    orth
    9      0.532D-06      0.403D-07      -190.71709857    343.369996    2.15580    0.00759    0.00371    8    diag
   10      0.729D-07      0.188D-07      -190.71709857    343.370004    2.15581    0.00759    0.00371    0    orth

 Final occupancy:  15

 !RHF STATE 1.1 Energy               -190.717098572866
 Nuclear energy                       105.35737891
 One-electron energy                 -467.75947955
 Two-electron energy                  171.68500207
 Virial quotient                       -1.00149927
 !RHF STATE 1.1 Dipole moment           2.15580616     0.00759212     0.00371333
 Dipole moment /Debye                   5.47915381     0.01929598     0.00943771

 Orbital energies:

         1.1          2.1          3.1          4.1          5.1          6.1          7.1          8.1          9.1         10.1
    -20.460392   -11.315153   -11.314666   -11.308584    -1.321918    -1.066098    -0.949126    -0.761765    -0.674156    -0.664366

        11.1         12.1         13.1         14.1         15.1         16.1         17.1
     -0.577763    -0.562127    -0.523394    -0.386431    -0.308799    -0.022241     0.129425

 HOMO     15.1    -0.308799 =      -8.4028eV
 LUMO     16.1    -0.022241 =      -0.6052eV
 LUMO-HOMO         0.286558 =       7.7976eV


 **********************************************************************************************************************************
 DATASETS  * FILE   NREC   LENGTH (MB)   RECORD NAMES
              1      21      447.40       500      610      700      900      701      950      970     1000      129      960   
                                          VAR    BASINP    GEOM    SYMINP    GEOM     ZMAT    AOBASIS   BASIS     P2S    ABASIS    
                                         1100     1400     1410     1200     1210     1080     1600     1650     1300     1700   
                                           S        T        V       H0       H01     AOSYM     SMH    MOLCAS    ERIS     OPER   
                                         2100   
                                          RHF  

              2       6        4.44       700     1000      520     2100      701     5600   
                                         GEOM     BASIS   MCVARS     RHF     GEOM     GINFO   

 PROGRAMS   *        TOTAL       RHF      RMP2       RHF       INT
 CPU TIMES  *       411.01     90.30     10.05     51.42     47.96
 REAL TIME  *       470.05 SEC
 DISK USED  *         1.86 GB      
 **********************************************************************************************************************************


 PROGRAM * RMP2 (Restricted open-shell)     Authors: H.-J. Werner, 2001


 Convergence thresholds:  THRVAR = 1.00D-12  THRDEN = 1.00D-08

 Number of core orbitals:           4 (   4 )
 Number of closed-shell orbitals:  11 (  11 )
 Number of external orbitals:     161 ( 161 )

 Reading UHF information from record   2100.1

                               TOTAL       A-A         B-B         A-B
 Pair energies:            -0.72568987 -0.08782103 -0.08782103 -0.55004782
 Singles energies:         -0.00000000 -0.00000000 -0.00000000

 Reference energy                    -190.717098572865
 Correlation energy                    -0.725689873315
 !RMP2 STATE 1.1 Energy              -191.442788446181


 **********************************************************************************************************************************
 DATASETS  * FILE   NREC   LENGTH (MB)   RECORD NAMES
              1      21      447.40       500      610      700      900      701      950      970     1000      129      960   
                                          VAR    BASINP    GEOM    SYMINP    GEOM     ZMAT    AOBASIS   BASIS     P2S    ABASIS    
                                         1100     1400     1410     1200     1210     1080     1600     1650     1300     1700   
                                           S        T        V       H0       H01     AOSYM     SMH    MOLCAS    ERIS     OPER   
                                         2100   
                                          RHF  

              2       6        4.44       700     1000      520     2100      701     5600   
                                         GEOM     BASIS   MCVARS     RHF     GEOM     GINFO   

 PROGRAMS   *        TOTAL      RMP2      RMP2       RHF       INT
 CPU TIMES  *       420.73      9.72     10.05     51.42     47.96
 REAL TIME  *       480.29 SEC
 DISK USED  *         1.86 GB      
 **********************************************************************************************************************************
 SETTING MOLPRO_ENERGY  =      -191.44278845  AU                              
 Starting task  28   Incrementing displacement 14 by -1.   CPU=  337.42 sec, Elapsed=  357.55 sec


 Recomputing integrals since geometry changed


 PROGRAM * SEWARD (Integral evaluation for generally contracted gaussian basis sets)     Author: Roland Lindh, 1990

 Geometry written to block  1 of record 701


 Point group  C1  



 ATOMIC COORDINATES

 NR  ATOM    CHARGE       X              Y              Z

   1  O       8.00   -2.508469103   -0.003425137    0.001994926
   2  C       6.00   -0.184011337    0.000534221    0.009117096
   3  C       6.00    1.422292582   -2.205776155   -0.005762923
   4  C       6.00    1.426479511    2.202845816   -0.004560258
   5  H       1.00    0.588759103   -4.066269822   -0.058698663
   6  H       1.00    3.464129751   -2.029471260    0.056360613
   7  H       1.00    0.575538713    4.072106242   -0.057725742
   8  H       1.00    3.452607969    2.038351351    0.042500115

 Bond lengths in Bohr (Angstrom)

 1-2  2.324472050  2-3  2.729146234  2-4  2.728377577  3-5  2.039366799  3-6  2.050376009
     ( 1.230057636)     ( 1.444201992)     ( 1.443795236)     ( 1.079186434)     ( 1.085012258)

 4-7  2.054522171  4-8  2.033339528
     ( 1.087206312)     ( 1.075996940)

 Bond angles

  1-2-3  125.95689470   1-2-4  126.27277118   2-3-5  119.80810379   2-3-6  121.09400382

  2-4-7  119.34395524   2-4-8  121.51786716   3-2-4  107.76437341   5-3-6  119.09445095

  7-4-8  119.13790293

 NUCLEAR CHARGE:                   30
 NUMBER OF PRIMITIVE AOS:         256
 NUMBER OF SYMMETRY AOS:          232
 NUMBER OF CONTRACTIONS:          176   ( 176A   )
 NUMBER OF CORE ORBITALS:           4   (   4A   )
 NUMBER OF VALENCE ORBITALS:       20   (  20A   )


 NUCLEAR REPULSION ENERGY  105.35773150


 Eigenvalues of metric

         1 0.703E-03 0.785E-03 0.118E-02 0.139E-02 0.147E-02 0.171E-02 0.203E-02 0.210E-02


 Contracted 2-electron integrals neglected if value below      1.0D-11
 AO integral compression algorithm  1   Integral accuracy      1.0D-11

     471.073 MB (compressed) written to integral file ( 43.7%)


 NUMBER OF SORTED TWO-ELECTRON INTEGRALS:  121313676.     BUFFER LENGTH:  32768
 NUMBER OF SEGMENTS:   8  SEGMENT LENGTH:   15999503      RECORD LENGTH: 524288

 Memory used in sort:      16.56 MW

 SORT1 READ   134794175. AND WROTE   112039792. INTEGRALS IN    324 RECORDS. CPU TIME:     7.85 SEC, REAL TIME:    11.12 SEC
 SORT2 READ   112039792. AND WROTE   121313676. INTEGRALS IN   1797 RECORDS. CPU TIME:     8.24 SEC, REAL TIME:    10.14 SEC

 FILE SIZES:   FILE 1:   491.7 MBYTE,  FILE 4:  1359.0 MBYTE,   TOTAL:   1850.7 MBYTE

 OPERATOR DM      FOR CENTER  0  COORDINATES:    0.000000    0.000000    0.000000

 PROGRAM * RHF-SCF (CLOSED SHELL)       Authors: W. Meyer, H.-J. Werner


 NUMBER OF ELECTRONS:      15+   15-    SPACE SYMMETRY=1    SPIN SYMMETRY: Singlet 
 CONVERGENCE THRESHOLDS:    1.00E-07 (Density)    1.00E-08 (Energy)
 MAX. NUMBER OF ITERATIONS:       60
 INTERPOLATION TYPE:            DIIS
 INTERPOLATION STEPS:              2 (START)      1 (STEP)
 LEVEL SHIFTS:                  0.00 (CLOSED)  0.00 (OPEN) 

 Number of closed-shell orbitals:   15 (  15 )


 Molecular orbitals read from record     2100.2  Type=RHF/CANONICAL (state 1.1)

 Molecular orbital dump at record        2100.1

 ITERATION    DDIFF          GRAD             ENERGY        2-EL.EN.            DIPOLE MOMENTS         DIIS   ORB.
    1      0.000D+00      0.000D+00      -190.71703749    343.370473    2.15580    0.00408    0.00372    0    start
    2      0.000D+00      0.824D-04      -190.71705341    343.370497    2.15577    0.00035    0.00371    1    diag
    3      0.244D-03      0.171D-04      -190.71705465    343.370494    2.15578   -0.00085    0.00370    2    diag
    4      0.408D-04      0.464D-05      -190.71705478    343.370439    2.15575   -0.00328    0.00369    3    diag
    5      0.104D-04      0.366D-05      -190.71705481    343.370463    2.15576   -0.00291    0.00369    4    diag
    6      0.386D-05      0.789D-06      -190.71705482    343.370462    2.15576   -0.00330    0.00369    5    diag
    7      0.190D-05      0.564D-06      -190.71705482    343.370459    2.15576   -0.00351    0.00369    6    diag
    8      0.143D-05      0.225D-06      -190.71705482    343.370468    2.15576   -0.00364    0.00369    7    orth
    9      0.842D-06      0.370D-07      -190.71705482    343.370459    2.15576   -0.00366    0.00369    8    diag
   10      0.145D-06      0.978D-08      -190.71705482    343.370464    2.15576   -0.00367    0.00369    9    diag
   11      0.179D-07      0.304D-08      -190.71705482    343.370463    2.15576   -0.00367    0.00369    0    orth

 Final occupancy:  15

 !RHF STATE 1.1 Energy               -190.717054821664
 Nuclear energy                       105.35773150
 One-electron energy                 -467.76001784
 Two-electron energy                  171.68523152
 Virial quotient                       -1.00149815
 !RHF STATE 1.1 Dipole moment           2.15575927    -0.00366654     0.00369124
 Dipole moment /Debye                   5.47903463    -0.00931881     0.00938158

 Orbital energies:

         1.1          2.1          3.1          4.1          5.1          6.1          7.1          8.1          9.1         10.1
    -20.460393   -11.315221   -11.314597   -11.308584    -1.321925    -1.066098    -0.949140    -0.761793    -0.674228    -0.664290

        11.1         12.1         13.1         14.1         15.1         16.1         17.1
     -0.577752    -0.562127    -0.523398    -0.386433    -0.308798    -0.022244     0.129423

 HOMO     15.1    -0.308798 =      -8.4028eV
 LUMO     16.1    -0.022244 =      -0.6053eV
 LUMO-HOMO         0.286554 =       7.7975eV


 **********************************************************************************************************************************
 DATASETS  * FILE   NREC   LENGTH (MB)   RECORD NAMES
              1      21      447.19       500      610      700      900      701      950      970     1000      129      960   
                                          VAR    BASINP    GEOM    SYMINP    GEOM     ZMAT    AOBASIS   BASIS     P2S    ABASIS    
                                         1100     1400     1410     1200     1210     1080     1600     1650     1300     1700   
                                           S        T        V       H0       H01     AOSYM     SMH    MOLCAS    ERIS     OPER   
                                         2100   
                                          RHF  

              2       6        4.44       700     1000      520     2100      701     5600   
                                         GEOM     BASIS   MCVARS     RHF     GEOM     GINFO   

 PROGRAMS   *        TOTAL       RHF      RMP2       RHF       INT
 CPU TIMES  *       515.40     94.64     10.05     51.42     47.96
 REAL TIME  *       584.49 SEC
 DISK USED  *         1.86 GB      
 **********************************************************************************************************************************


 PROGRAM * RMP2 (Restricted open-shell)     Authors: H.-J. Werner, 2001


 Convergence thresholds:  THRVAR = 1.00D-12  THRDEN = 1.00D-08

 Number of core orbitals:           4 (   4 )
 Number of closed-shell orbitals:  11 (  11 )
 Number of external orbitals:     161 ( 161 )

 Reading UHF information from record   2100.1

                               TOTAL       A-A         B-B         A-B
 Pair energies:            -0.72569188 -0.08782119 -0.08782119 -0.55004951
 Singles energies:         -0.00000000 -0.00000000 -0.00000000

 Reference energy                    -190.717054821664
 Correlation energy                    -0.725691883872
 !RMP2 STATE 1.1 Energy              -191.442746705536


 **********************************************************************************************************************************
 DATASETS  * FILE   NREC   LENGTH (MB)   RECORD NAMES
              1      21      447.19       500      610      700      900      701      950      970     1000      129      960   
                                          VAR    BASINP    GEOM    SYMINP    GEOM     ZMAT    AOBASIS   BASIS     P2S    ABASIS    
                                         1100     1400     1410     1200     1210     1080     1600     1650     1300     1700   
                                           S        T        V       H0       H01     AOSYM     SMH    MOLCAS    ERIS     OPER   
                                         2100   
                                          RHF  

              2       6        4.44       700     1000      520     2100      701     5600   
                                         GEOM     BASIS   MCVARS     RHF     GEOM     GINFO   

 PROGRAMS   *        TOTAL      RMP2      RMP2       RHF       INT
 CPU TIMES  *       525.09      9.68     10.05     51.42     47.96
 REAL TIME  *       594.72 SEC
 DISK USED  *         1.86 GB      
 **********************************************************************************************************************************
 SETTING MOLPRO_ENERGY  =      -191.44274671  AU                              
 Starting task  35   Incrementing displacement 18 by  1.   CPU=  451.68 sec, Elapsed=  471.99 sec


 Recomputing integrals since geometry changed


 PROGRAM * SEWARD (Integral evaluation for generally contracted gaussian basis sets)     Author: Roland Lindh, 1990

 Geometry written to block  1 of record 701


 Point group  C1  



 ATOMIC COORDINATES

 NR  ATOM    CHARGE       X              Y              Z

   1  O       8.00   -2.501902229   -0.002639523    0.002013817
   2  C       6.00   -0.191452954   -0.000294530    0.009107658
   3  C       6.00    1.427397681   -2.203495933   -0.005596449
   4  C       6.00    1.422274186    2.206576116   -0.004712762
   5  H       1.00    0.587588364   -4.068985402   -0.058774861
   6  H       1.00    3.460985610   -2.029748916    0.056266002
   7  H       1.00    0.576719520    4.069381200   -0.057649509
   8  H       1.00    3.455717011    2.038102243    0.042571267

 Bond lengths in Bohr (Angstrom)

 1-2  2.310461355  2-3  2.734042796  2-4  2.733968606  3-5  2.046499106  3-6  2.041934096
     ( 1.222643496)     ( 1.446793142)     ( 1.446753881)     ( 1.082960689)     ( 1.080544990)

 4-7  2.046413393  4-8  2.040957851
     ( 1.082915332)     ( 1.080028383)

 Bond angles

  1-2-3  126.24727178   1-2-4  126.23165822   2-3-5  119.45399404   2-3-6  121.39647697

  2-4-7  119.40803962   2-4-8  121.42140436   3-2-4  107.51512846   5-3-6  119.14603185

  7-4-8  119.17027516

 NUCLEAR CHARGE:                   30
 NUMBER OF PRIMITIVE AOS:         256
 NUMBER OF SYMMETRY AOS:          232
 NUMBER OF CONTRACTIONS:          176   ( 176A   )
 NUMBER OF CORE ORBITALS:           4   (   4A   )
 NUMBER OF VALENCE ORBITALS:       20   (  20A   )


 NUCLEAR REPULSION ENERGY  105.45461755


 Eigenvalues of metric

         1 0.707E-03 0.791E-03 0.118E-02 0.139E-02 0.146E-02 0.171E-02 0.204E-02 0.212E-02


 Contracted 2-electron integrals neglected if value below      1.0D-11
 AO integral compression algorithm  1   Integral accuracy      1.0D-11

     471.073 MB (compressed) written to integral file ( 43.7%)


 NUMBER OF SORTED TWO-ELECTRON INTEGRALS:  121313676.     BUFFER LENGTH:  32768
 NUMBER OF SEGMENTS:   8  SEGMENT LENGTH:   15999503      RECORD LENGTH: 524288

 Memory used in sort:      16.56 MW

 SORT1 READ   134794175. AND WROTE   112055748. INTEGRALS IN    324 RECORDS. CPU TIME:     7.82 SEC, REAL TIME:    11.16 SEC
 SORT2 READ   112055748. AND WROTE   121313676. INTEGRALS IN   1797 RECORDS. CPU TIME:     8.29 SEC, REAL TIME:    10.13 SEC

 FILE SIZES:   FILE 1:   491.7 MBYTE,  FILE 4:  1359.0 MBYTE,   TOTAL:   1850.7 MBYTE

 OPERATOR DM      FOR CENTER  0  COORDINATES:    0.000000    0.000000    0.000000

 PROGRAM * RHF-SCF (CLOSED SHELL)       Authors: W. Meyer, H.-J. Werner


 NUMBER OF ELECTRONS:      15+   15-    SPACE SYMMETRY=1    SPIN SYMMETRY: Singlet 
 CONVERGENCE THRESHOLDS:    1.00E-07 (Density)    1.00E-08 (Energy)
 MAX. NUMBER OF ITERATIONS:       60
 INTERPOLATION TYPE:            DIIS
 INTERPOLATION STEPS:              2 (START)      1 (STEP)
 LEVEL SHIFTS:                  0.00 (CLOSED)  0.00 (OPEN) 

 Number of closed-shell orbitals:   15 (  15 )


 Molecular orbitals read from record     2100.2  Type=RHF/CANONICAL (state 1.1)

 Molecular orbital dump at record        2100.1

 ITERATION    DDIFF          GRAD             ENERGY        2-EL.EN.            DIPOLE MOMENTS         DIIS   ORB.
    1      0.000D+00      0.000D+00      -190.71689365    343.519265    2.14034    0.00231    0.00377    0    start
    2      0.000D+00      0.155D-03      -190.71695192    343.561169    2.13476    0.00234    0.00376    1    diag
    3      0.222D-03      0.573D-04      -190.71695943    343.528734    2.12542    0.00231    0.00382    2    diag
    4      0.691D-04      0.313D-04      -190.71696187    343.536783    2.12696    0.00232    0.00383    3    diag
    5      0.343D-04      0.655D-05      -190.71696219    343.535970    2.12592    0.00232    0.00384    4    diag
    6      0.115D-04      0.275D-05      -190.71696225    343.534907    2.12561    0.00232    0.00385    5    diag
    7      0.589D-05      0.961D-06      -190.71696225    343.535345    2.12558    0.00232    0.00385    6    diag
    8      0.212D-05      0.310D-06      -190.71696225    343.535265    2.12554    0.00232    0.00385    7    orth
    9      0.885D-06      0.723D-07      -190.71696225    343.535248    2.12553    0.00232    0.00386    8    diag
   10      0.243D-06      0.222D-07      -190.71696225    343.535255    2.12553    0.00232    0.00386    9    diag
   11      0.652D-07      0.102D-07      -190.71696225    343.535254    2.12553    0.00232    0.00386    0    orth

 Final occupancy:  15

 !RHF STATE 1.1 Energy               -190.716962253964
 Nuclear energy                       105.45461755
 One-electron energy                 -467.93920666
 Two-electron energy                  171.76762685
 Virial quotient                       -1.00140746
 !RHF STATE 1.1 Dipole moment           2.12552730     0.00231964     0.00385562
 Dipole moment /Debye                   5.40219767     0.00589555     0.00979937

 Orbital energies:

         1.1          2.1          3.1          4.1          5.1          6.1          7.1          8.1          9.1         10.1
    -20.461775   -11.314083   -11.313966   -11.308702    -1.327480    -1.064879    -0.948223    -0.760875    -0.673592    -0.664399

        11.1         12.1         13.1         14.1         15.1         16.1         17.1
     -0.577102    -0.565284    -0.525843    -0.387414    -0.308361    -0.021778     0.129866

 HOMO     15.1    -0.308361 =      -8.3909eV
 LUMO     16.1    -0.021778 =      -0.5926eV
 LUMO-HOMO         0.286583 =       7.7983eV


 **********************************************************************************************************************************
 DATASETS  * FILE   NREC   LENGTH (MB)   RECORD NAMES
              1      21      447.14       500      610      700      900      701      950      970     1000      129      960   
                                          VAR    BASINP    GEOM    SYMINP    GEOM     ZMAT    AOBASIS   BASIS     P2S    ABASIS    
                                         1100     1400     1410     1200     1210     1080     1600     1650     1300     1700   
                                           S        T        V       H0       H01     AOSYM     SMH    MOLCAS    ERIS     OPER   
                                         2100   
                                          RHF  

              2       6        4.44       700     1000      520     2100      701     5600   
                                         GEOM     BASIS   MCVARS     RHF     GEOM     GINFO   

 PROGRAMS   *        TOTAL       RHF      RMP2       RHF       INT
 CPU TIMES  *       619.82     94.71     10.05     51.42     47.96
 REAL TIME  *       698.80 SEC
 DISK USED  *         1.86 GB      
 **********************************************************************************************************************************


 PROGRAM * RMP2 (Restricted open-shell)     Authors: H.-J. Werner, 2001


 Convergence thresholds:  THRVAR = 1.00D-12  THRDEN = 1.00D-08

 Number of core orbitals:           4 (   4 )
 Number of closed-shell orbitals:  11 (  11 )
 Number of external orbitals:     161 ( 161 )

 Reading UHF information from record   2100.1

                               TOTAL       A-A         B-B         A-B
 Pair energies:            -0.72578265 -0.08782929 -0.08782929 -0.55012408
 Singles energies:         -0.00000000 -0.00000000 -0.00000000

 Reference energy                    -190.716962253965
 Correlation energy                    -0.725782650565
 !RMP2 STATE 1.1 Energy              -191.442744904530


 **********************************************************************************************************************************
 DATASETS  * FILE   NREC   LENGTH (MB)   RECORD NAMES
              1      21      447.14       500      610      700      900      701      950      970     1000      129      960   
                                          VAR    BASINP    GEOM    SYMINP    GEOM     ZMAT    AOBASIS   BASIS     P2S    ABASIS    
                                         1100     1400     1410     1200     1210     1080     1600     1650     1300     1700   
                                           S        T        V       H0       H01     AOSYM     SMH    MOLCAS    ERIS     OPER   
                                         2100   
                                          RHF  

              2       6        4.44       700     1000      520     2100      701     5600   
                                         GEOM     BASIS   MCVARS     RHF     GEOM     GINFO   

 PROGRAMS   *        TOTAL      RMP2      RMP2       RHF       INT
 CPU TIMES  *       629.49      9.66     10.05     51.42     47.96
 REAL TIME  *       709.02 SEC
 DISK USED  *         1.86 GB      
 **********************************************************************************************************************************
 SETTING MOLPRO_ENERGY  =      -191.44274490  AU                              

 Tasks on processor    0 finished.  CPU=    565.87 sec, Elapsed=    586.29 sec. Waiting for other processors...
