 Cartesian Coordinates are in [bohr]
 Creating new Variables:
 OX1              -2.40204480
 OY1               0.03765028
 OZ1               0.04730488
 CX2              -0.20566154
 CY2              -0.09326173
 CZ2               0.01853637
 CX3               1.45190778
 CY3              -0.39698969
 CZ3               2.24167475
 CX4               1.34856655
 CY4              -0.03388522
 CZ4              -2.29640120
 HX5               0.47103890
 HY5              -0.06776206
 HZ5               4.08920904
 HX6               3.43019762
 HY6              -0.03465214
 HZ6               2.24764307
 HX7               0.27921784
 HY7               0.01699812
 HZ7              -4.12540655
 HX8               3.37152788
 HY8               0.00498460
 HZ8              -2.41771520

 Generated  18 symmetrical displacements

 Number of displacements for numerical gradient:     36

 Starting task   1   Incrementing displacement  1 by  1.   CPU=    0.00 sec, Elapsed=    0.00 sec


 Recomputing integrals since geometry changed


 PROGRAM * SEWARD (Integral evaluation for generally contracted gaussian basis sets)     Author: Roland Lindh, 1990

 Geometry written to block  1 of record 701


 Point group  C1  



 ATOMIC COORDINATES

 NR  ATOM    CHARGE       X              Y              Z

   1  O       8.00   -2.402125638    0.034720498    0.047207716
   2  C       6.00   -0.205683470   -0.095217491    0.018505040
   3  C       6.00    1.452073963   -0.396138623    2.241886407
   4  C       6.00    1.348538791   -0.036243711   -2.296445694
   5  H       1.00    0.471003909   -0.066104469    4.089170711
   6  H       1.00    3.430135155   -0.032545332    2.247596093
   7  H       1.00    0.279265067    0.024250065   -4.125229741
   8  H       1.00    3.371542461    0.000361231   -2.417845367

 Bond lengths in Bohr (Angstrom)

 1-2  2.200469477  2-3  2.789648354  2-4  2.788921234  3-5  2.117517484  3-6  2.011208284
     ( 1.164438300)     ( 1.476218335)     ( 1.475833560)     ( 1.120541996)     ( 1.064285590)

 4-7  2.119305755  4-8  2.026973520
     ( 1.121488309)     ( 1.072628194)

 Bond angles

  1-2-3  126.09594932   1-2-4  124.46084393   2-3-5  113.77596870   2-3-6  124.55663800

  2-4-7  115.82968462   2-4-8  127.32160969   3-2-4  109.43116575   5-3-6  115.15206474

  7-4-8  116.83059649

 NUCLEAR CHARGE:                   30
 NUMBER OF PRIMITIVE AOS:         372
 NUMBER OF SYMMETRY AOS:          332
 NUMBER OF CONTRACTIONS:          284   ( 284A   )
 NUMBER OF CORE ORBITALS:           4   (   4A   )
 NUMBER OF VALENCE ORBITALS:       20   (  20A   )


 NUCLEAR REPULSION ENERGY  105.66125667


 Eigenvalues of metric

         1 0.758E-04 0.897E-04 0.961E-04 0.127E-03 0.166E-03 0.183E-03 0.201E-03 0.225E-03


 Contracted 2-electron integrals neglected if value below      1.0D-11
 AO integral compression algorithm  1   Integral accuracy      1.0D-11

     3401.581 MB (compressed) written to integral file ( 46.0%)


 NUMBER OF SORTED TWO-ELECTRON INTEGRALS:  818930685.     BUFFER LENGTH:  32768
 NUMBER OF SEGMENTS:  52  SEGMENT LENGTH:   15999984      RECORD LENGTH: 262144

 Memory used in sort:      16.29 MW

 SORT1 READ   925190747. AND WROTE   776375177. INTEGRALS IN   4469 RECORDS. CPU TIME:    51.30 SEC, REAL TIME:   148.42 SEC
 SORT2 READ   776375177. AND WROTE   818930685. INTEGRALS IN  12976 RECORDS. CPU TIME:    44.67 SEC, REAL TIME:    64.79 SEC

 FILE SIZES:   FILE 1:  3424.1 MBYTE,  FILE 4:  9372.2 MBYTE,   TOTAL:  12796.3 MBYTE

 OPERATOR DM      FOR CENTER  0  COORDINATES:    0.000000    0.000000    0.000000

 PROGRAM * RHF-SCF (OPEN SHELL)       Authors: W. Meyer, H.-J. Werner


 NUMBER OF ELECTRONS:      16+   14-    SPACE SYMMETRY=1    SPIN SYMMETRY: Triplet 
 CONVERGENCE THRESHOLDS:    1.00E-07 (Density)    1.00E-08 (Energy)
 MAX. NUMBER OF ITERATIONS:       60
 INTERPOLATION TYPE:            DIIS
 INTERPOLATION STEPS:              2 (START)      1 (STEP)
 LEVEL SHIFTS:                 -0.60 (CLOSED) -0.30 (OPEN) 

 Number of closed-shell orbitals:   14 (  14 )
 Number of open-shell orbitals:      2 (   2 )


 Molecular orbitals read from record     2100.2  Type=RHF/CANONICAL (state 1.1)

 Molecular orbital dump at record        2100.1

 ITERATION    DDIFF          GRAD             ENERGY        2-EL.EN.            DIPOLE MOMENTS         DIIS   ORB.
    1      0.000D+00      0.000D+00      -190.77308553    343.208705    1.25691    0.05060   -0.03353    0    start
    2      0.000D+00      0.171D-04      -190.77308759    343.208628    1.25687    0.05039   -0.03354    1    diag,B
    3      0.205D-04      0.682D-05      -190.77308843    343.208603    1.25686    0.05041   -0.03356    2    diag,B
    4      0.933D-05      0.298D-05      -190.77308877    343.208572    1.25684    0.05042   -0.03357    3    diag,B
    5      0.470D-05      0.133D-05      -190.77308886    343.208561    1.25683    0.05039   -0.03358    4    diag,B
    6      0.302D-05      0.557D-06      -190.77308887    343.208549    1.25683    0.05036   -0.03359    5    diag,B
    7      0.142D-05      0.202D-06      -190.77308887    343.208552    1.25682    0.05035   -0.03359    6    diag,B
    8      0.393D-06      0.112D-06      -190.77308888    343.208547    1.25682    0.05034   -0.03359    7    orth
    9      0.284D-06      0.789D-07      -190.77308888    343.208551    1.25682    0.05034   -0.03358    8    diag,B
   10      0.220D-06      0.507D-07      -190.77308888    343.208549    1.25682    0.05034   -0.03358    9    diag,B
   11      0.172D-06      0.258D-07      -190.77308888    343.208550    1.25682    0.05034   -0.03358    9    diag,B
   12      0.103D-06      0.106D-07      -190.77308888    343.208550    1.25682    0.05034   -0.03358    9    diag,B
   13      0.357D-07      0.397D-08      -190.77308888    343.208551    1.25682    0.05034   -0.03358    0    orth

 Final alpha occupancy:  16
 Final beta  occupancy:  14

 !RHF STATE 1.1 Energy               -190.773088875774
 Nuclear energy                       105.66125667
 One-electron energy                 -468.03862086
 Two-electron energy                  171.60427531
 Virial quotient                       -1.00002170
 !RHF STATE 1.1 Dipole moment           1.25682030     0.05034177    -0.03358355
 Dipole moment /Debye                   3.19430934     0.12794765    -0.08535529

 Orbital energies:

         1.1          2.1          3.1          4.1          5.1          6.1          7.1          8.1          9.1         10.1
    -20.555688   -11.333859   -11.254946   -11.254834    -1.428756    -1.031737    -0.923486    -0.748134    -0.674783    -0.656311

        11.1         12.1         13.1         14.1         15.1         16.1         17.1         18.1
     -0.600268    -0.567772    -0.542484    -0.432961    -0.434528    -0.383507     0.041348     0.051545

 HOMO     16.1    -0.383507 =     -10.4358eV
 LUMO     17.1     0.041348 =       1.1251eV
 LUMO-HOMO         0.424855 =      11.5609eV


 **********************************************************************************************************************************
 DATASETS  * FILE   NREC   LENGTH (MB)   RECORD NAMES
              1      21     3071.40       500      610      700      900      701      950      970     1000      129      960   
                                          VAR    BASINP    GEOM    SYMINP    GEOM     ZMAT    AOBASIS   BASIS     P2S    ABASIS    
                                         1100     1400     1410     1200     1210     1080     1600     1650     1300     1700   
                                           S        T        V       H0       H01     AOSYM     SMH    MOLCAS    ERIS     OPER   
                                         2100   
                                          RHF  

              2       7        6.46       700     1000      520     2100     7360      701     5600   
                                         GEOM     BASIS   MCVARS     RHF    F12ABS    GEOM     GINFO   

 PROGRAMS   *        TOTAL       RHF  RMP2-F12       RHF       INT
 CPU TIMES  *      1733.47    659.20    256.46    573.73    242.45
 REAL TIME  *      2040.06 SEC
 DISK USED  *        12.80 GB      
 **********************************************************************************************************************************


 PROGRAM * RMP2 (Restricted open-shell)     Authors: H.-J. Werner, 2001

                            RMP2-F12 implementation by G. Knizia and H.-J. Werner, 2008

                   Density fitting integral evaluation by F.R. Manby, 2003,2007, G. Knizia, 2010

 Basis set CC-PVTZ/JKFIT generated.      Number of basis functions:   436 
 Basis set CC-PVTZ-F12/OPTRI generated.  Number of basis functions:   464 
 Basis set AUG-CC-PVTZ/MP2FIT generated. Number of basis functions:   608 

 Convergence thresholds:  THRVAR = 1.00D-12  THRDEN = 1.00D-08

 Number of core orbitals:           4 (   4 )
 Number of closed-shell orbitals:  10 (  10 )
 Number of active  orbitals:        2 (   2 )
 Number of external orbitals:     268 ( 268 )

 Number of N-1 electron functions:              22
 Number of N-2 electron functions:             231
 Number of singly external CSFs:              5940
 Number of doubly external CSFs:          12778965
 Total number of CSFs:                    12784905

 Molecular orbitals read from record     2100.1  Type=RHF/CANONICAL (state 1.1)

 Integral transformation finished. Total CPU:  57.69 sec, npass=  1  Memory used:  12.20 MW
 
 Geminal basis:    OPTFULL  GEM_TYPE=SLATER  BETA=1.0  NGEM=6

 Optimizing Gaussian exponents for each gem_beta

 Geminal optimization for beta= 1.0000
 Weight function:   m=0, omega= 1.4646

 Augmented Hessian optimization of geminal fit. Trust ratio= 0.40000
 Convergence reached after   2 iterations. Final gradient= 8.19D-16, Step= 4.27D-06, Delta= 1.28D-09
 
 Alpha:                 0.19532     0.81920     2.85917     9.50073    35.69989   197.79328
 Coeff:                 0.27070     0.30552     0.18297     0.10986     0.06810     0.04224
 
 
 WFN_F12=FIX,EG    DECOUPLE_EXPL=F   HYBRID=0    NOX=F   SEMIINT_F12=T   CORE_SINGLES=F
 
 AO(A)-basis ORBITAL           loaded. Number of functions:     284
 RI(R)-basis CC-PVTZ-F12/OPTRI loaded. Number of functions:     464
 DF-basis CC-PVTZ/JKFIT        loaded. Number of functions:     436

 Screening thresholds:   THRAO=  1.00D-11  THRMO=  1.00D-11  THRPROD=  1.00D-11
                         THRSW=  1.00D-08  THROV=  1.00D-12  THRAOF12=   1.00D-08

 CPU time for one-electron matrices              30.74 sec
 
 Reading frozen CA basis information from record 7360.2.
 
 Construction of ABS:
 Pseudo-inverse stability          8.11E-12
 Smallest eigenvalue of S          1.07E-04  (threshold= 1.00E-08)
 Ratio eigmin/eigmax               1.28E-05  (threshold= 1.00E-09)
 Smallest eigenvalue of S kept     1.07E-04  (threshold= 1.07E-04, 0 functions deleted, 464 kept)
 
 Construction of CABS:
 Pseudo-inverse stability          3.56E-10
 Smallest eigenvalue of S          3.73E-07  (threshold= 1.00E-08)
 Ratio eigmin/eigmax               3.73E-07  (threshold= 1.00E-09)
 Smallest eigenvalue of S kept     3.73E-07  (threshold= 3.73E-07, 0 functions deleted, 464 kept)
 
 CPU time for basis constructions                 0.38 sec
 Fock operators(MO) rebuilt from dump record.
 CPU time for fock operators                      0.35 sec
 
                                      TOTAL          ALPHA          BETA    
  Singles Contributions MO        -0.006280725   -0.003172628   -0.003108097
  Singles Contributions CABS      -0.001597683   -0.000890887   -0.000706796
  Pure DF-RHF relaxation          -0.001587297
 
 CPU time for singles                             1.53 sec
 
 AO(A)-basis ORBITAL           loaded. Number of functions:     284
 RI(R)-basis CC-PVTZ-F12/OPTRI loaded. Number of functions:     464
 DF-basis AUG-CC-PVTZ/MP2FIT   loaded. Number of functions:     608

 Screening thresholds:   THRAO=  1.00D-11  THRMO=  1.00D-11  THRPROD=  1.00D-11
                         THRSW=  1.00D-08  THROV=  1.00D-12  THRAOF12=   1.00D-08

 CPU time for transformed integrals             107.65 sec
 CPU time for F12 matrices                        6.37 sec

 Diagonal F12 ansatz with fixed amplitudes:   TS= 0.5000  TT= 0.2500  TN= 0.3750
 
 ITER.     SQ.NORM      CORR.ENERGY   TOTAL ENERGY  ENERGY CHANGE      VAR         CPU   MICRO    DIIS
   1      1.20051725    -0.75587745  -191.53055362    -7.5746E-01   1.96E-01      0.55  1  1  1   0  0
   2      1.20023888    -0.75510533  -191.52978151     7.7212E-04   1.31E-04      2.41  0  0  0   1  1
   3      1.20052004    -0.75538875  -191.53006492    -2.8341E-04   9.78E-07      4.35  0  0  0   2  2
   4      1.20052733    -0.75539040  -191.53006658    -1.6583E-06   5.53E-09      6.48  0  0  0   3  3
   5      1.20052815    -0.75539041  -191.53006659    -9.2974E-09   3.20E-11      8.62  0  0  0   4  4
   6      1.20052817    -0.75539041  -191.53006659    -5.1981E-11   1.77E-13     10.85  0  0  0   5  5
 
 - - Continuing with F12/conv. amplitude coupling turned on.
 
   7      1.20048012    -0.75549729  -191.53017346    -1.0687E-04   5.75E-05     12.96  1  1  1   1  1
   8      1.20047933    -0.75549737  -191.53017354    -8.4138E-08   1.66E-09     15.15  1  1  1   2  2
   9      1.20047935    -0.75549737  -191.53017354    -1.3376E-10   2.30E-12     17.39  1  1  1   3  3
  10      1.20047935    -0.75549736  -191.53017354     6.1456E-09   8.52E-15     19.74  1  1  1   4  4
 
 CPU time for iterative RMP2-F12                 19.74 sec
 
 
 DF-RMP2-F12 doubles corrections:
 - - - - - - - - - - - - - - - - 
  Approx.                             TOTAL           A-B            A-A            B-B    
  RMP2-F12/3C(FIX)                -0.059094428   -0.055066064   -0.002412432   -0.001615932
  RMP2-F12/3*C(FIX)               -0.058987477   -0.055085639   -0.002340404   -0.001561435
  RMP2-F12/3*C(DX)                -0.059154235   -0.055234767   -0.002349553   -0.001569915
  RMP2-F12/3*C(FIX,DX)            -0.061865744   -0.057763117   -0.002438441   -0.001664186
 
 DF-RMP2-F12 doubles energies:
 - - - - - - - - - - - - - - -
  Approx.                             TOTAL           A-B            A-A            B-B    
  RMP2                            -0.690122212   -0.524027801   -0.098029069   -0.068065342
  RMP2-F12/3C(FIX)                -0.749216640   -0.579093866   -0.100441501   -0.069681274
  RMP2-F12/3*C(FIX)               -0.749109690   -0.579113440   -0.100369473   -0.069626777
  RMP2-F12/3*C(DX)                -0.749276447   -0.579262569   -0.100378622   -0.069635257
  RMP2-F12/3*C(FIX,DX)            -0.751987956   -0.581790919   -0.100467509   -0.069729528
 
 
  Reference energy                   -190.773088875777
  CABS relaxation correction to RHF    -0.001587297292
  New reference energy               -190.774676173069
 
  RMP2-F12 singles (MO) energy         -0.006280724583
  RMP2-F12 pair energy                 -0.749216640047
  RMP2-F12 correlation energy          -0.755497364630
 
 !RMP2-F12/3C(FIX) energy            -191.530173537699


 **********************************************************************************************************************************
 DATASETS  * FILE   NREC   LENGTH (MB)   RECORD NAMES
              1      21     3071.40       500      610      700      900      701      950      970     1000      129      960   
                                          VAR    BASINP    GEOM    SYMINP    GEOM     ZMAT    AOBASIS   BASIS     P2S    ABASIS    
                                         1100     1400     1410     1200     1210     1080     1600     1650     1300     1700   
                                           S        T        V       H0       H01     AOSYM     SMH    MOLCAS    ERIS     OPER   
                                         2100   
                                          RHF  

              2       7        6.46       700     1000      520     2100     7360      701     5600   
                                         GEOM     BASIS   MCVARS     RHF    F12ABS    GEOM     GINFO   

 PROGRAMS   *        TOTAL  RMP2-F12  RMP2-F12       RHF       INT
 CPU TIMES  *      1990.36    256.88    256.46    573.73    242.45
 REAL TIME  *      2328.38 SEC
 DISK USED  *        12.80 GB      
 **********************************************************************************************************************************
 SETTING MOLPRO_ENERGY  =      -191.53017354  AU                              
 Starting task   5   Incrementing displacement  3 by  1.   CPU= 1002.68 sec, Elapsed= 1092.20 sec


 Recomputing integrals since geometry changed


 PROGRAM * SEWARD (Integral evaluation for generally contracted gaussian basis sets)     Author: Roland Lindh, 1990

 Geometry written to block  1 of record 701


 Point group  C1  



 ATOMIC COORDINATES

 NR  ATOM    CHARGE       X              Y              Z

   1  O       8.00   -2.401430345    0.042883566    0.047755546
   2  C       6.00   -0.205519643   -0.095751971    0.018321698
   3  C       6.00    1.452351462   -0.396917551    2.241570833
   4  C       6.00    1.348577408   -0.036890293   -2.296712565
   5  H       1.00    0.470559427   -0.072783119    4.089494631
   6  H       1.00    3.429660313   -0.029138071    2.247894874
   7  H       1.00    0.279057351    0.016881512   -4.125534149
   8  H       1.00    3.371494265    0.004798094   -2.417945704

 Bond lengths in Bohr (Angstrom)

 1-2  2.200479488  2-3  2.789636898  2-4  2.788918424  3-5  2.117498782  3-6  2.011231471
     ( 1.164443598)     ( 1.476212273)     ( 1.475832073)     ( 1.120532100)     ( 1.064297860)

 4-7  2.119281234  4-8  2.026975087
     ( 1.121475332)     ( 1.072629023)

 Bond angles

  1-2-3  126.10052783   1-2-4  124.46180001   2-3-5  113.79288537   2-3-6  124.54386020

  2-4-7  115.82559924   2-4-8  127.31564926   3-2-4  109.43041916   5-3-6  115.15702720

  7-4-8  116.84104689

 NUCLEAR CHARGE:                   30
 NUMBER OF PRIMITIVE AOS:         372
 NUMBER OF SYMMETRY AOS:          332
 NUMBER OF CONTRACTIONS:          284   ( 284A   )
 NUMBER OF CORE ORBITALS:           4   (   4A   )
 NUMBER OF VALENCE ORBITALS:       20   (  20A   )


 NUCLEAR REPULSION ENERGY  105.66123014


 Eigenvalues of metric

         1 0.757E-04 0.898E-04 0.961E-04 0.127E-03 0.166E-03 0.184E-03 0.201E-03 0.225E-03


 Contracted 2-electron integrals neglected if value below      1.0D-11
 AO integral compression algorithm  1   Integral accuracy      1.0D-11

     3405.775 MB (compressed) written to integral file ( 46.0%)


 NUMBER OF SORTED TWO-ELECTRON INTEGRALS:  818930685.     BUFFER LENGTH:  32768
 NUMBER OF SEGMENTS:  52  SEGMENT LENGTH:   15999984      RECORD LENGTH: 262144

 Memory used in sort:      16.29 MW

 SORT1 READ   925190747. AND WROTE   776633258. INTEGRALS IN   4469 RECORDS. CPU TIME:    51.32 SEC, REAL TIME:   156.81 SEC
 SORT2 READ   776633258. AND WROTE   818930685. INTEGRALS IN  12992 RECORDS. CPU TIME:    45.18 SEC, REAL TIME:    63.28 SEC

 FILE SIZES:   FILE 1:  3428.3 MBYTE,  FILE 4:  9372.2 MBYTE,   TOTAL:  12800.5 MBYTE

 OPERATOR DM      FOR CENTER  0  COORDINATES:    0.000000    0.000000    0.000000

 PROGRAM * RHF-SCF (OPEN SHELL)       Authors: W. Meyer, H.-J. Werner


 NUMBER OF ELECTRONS:      16+   14-    SPACE SYMMETRY=1    SPIN SYMMETRY: Triplet 
 CONVERGENCE THRESHOLDS:    1.00E-07 (Density)    1.00E-08 (Energy)
 MAX. NUMBER OF ITERATIONS:       60
 INTERPOLATION TYPE:            DIIS
 INTERPOLATION STEPS:              2 (START)      1 (STEP)
 LEVEL SHIFTS:                 -0.60 (CLOSED) -0.30 (OPEN) 

 Number of closed-shell orbitals:   14 (  14 )
 Number of open-shell orbitals:      2 (   2 )


 Molecular orbitals read from record     2100.2  Type=RHF/CANONICAL (state 1.1)

 Molecular orbital dump at record        2100.1

 ITERATION    DDIFF          GRAD             ENERGY        2-EL.EN.            DIPOLE MOMENTS         DIIS   ORB.
    1      0.000D+00      0.000D+00      -190.77308444    343.208560    1.25634    0.04585   -0.03373    0    start
    2      0.000D+00      0.428D-04      -190.77309214    343.208575    1.25634    0.04634   -0.03371    1    diag,B
    3      0.343D-04      0.163D-04      -190.77309463    343.208611    1.25635    0.04664   -0.03368    2    diag,B
    4      0.163D-04      0.595D-05      -190.77309529    343.208551    1.25633    0.04672   -0.03367    3    diag,B
    5      0.716D-05      0.247D-05      -190.77309546    343.208560    1.25634    0.04670   -0.03367    4    diag,B
    6      0.375D-05      0.108D-05      -190.77309550    343.208518    1.25633    0.04666   -0.03367    5    diag,B
    7      0.224D-05      0.345D-06      -190.77309550    343.208547    1.25634    0.04664   -0.03368    6    diag,B
    8      0.551D-06      0.179D-06      -190.77309550    343.208532    1.25633    0.04663   -0.03368    7    orth
    9      0.307D-06      0.120D-06      -190.77309550    343.208537    1.25634    0.04662   -0.03368    8    diag,B
   10      0.296D-06      0.785D-07      -190.77309550    343.208536    1.25634    0.04662   -0.03367    9    diag,B
   11      0.259D-06      0.402D-07      -190.77309551    343.208537    1.25634    0.04662   -0.03367    9    diag,B
   12      0.163D-06      0.168D-07      -190.77309551    343.208537    1.25634    0.04662   -0.03367    9    diag,B
   13      0.544D-07      0.689D-08      -190.77309551    343.208537    1.25634    0.04662   -0.03367    0    orth

 Final alpha occupancy:  16
 Final beta  occupancy:  14

 !RHF STATE 1.1 Energy               -190.773095505088
 Nuclear energy                       105.66123014
 One-electron energy                 -468.03859433
 Two-electron energy                  171.60426868
 Virial quotient                       -1.00002192
 !RHF STATE 1.1 Dipole moment           1.25633607     0.04662345    -0.03367327
 Dipole moment /Debye                   3.19307862     0.11849722    -0.08558331

 Orbital energies:

         1.1          2.1          3.1          4.1          5.1          6.1          7.1          8.1          9.1         10.1
    -20.555691   -11.333869   -11.254940   -11.254817    -1.428756    -1.031737    -0.923487    -0.748126    -0.674760    -0.656318

        11.1         12.1         13.1         14.1         15.1         16.1         17.1         18.1
     -0.600337    -0.567718    -0.542507    -0.432971    -0.434499    -0.383490     0.041349     0.051545

 HOMO     16.1    -0.383490 =     -10.4353eV
 LUMO     17.1     0.041349 =       1.1252eV
 LUMO-HOMO         0.424839 =      11.5605eV


 **********************************************************************************************************************************
 DATASETS  * FILE   NREC   LENGTH (MB)   RECORD NAMES
              1      21     3075.48       500      610      700      900      701      950      970     1000      129      960   
                                          VAR    BASINP    GEOM    SYMINP    GEOM     ZMAT    AOBASIS   BASIS     P2S    ABASIS    
                                         1100     1400     1410     1200     1210     1080     1600     1650     1300     1700   
                                           S        T        V       H0       H01     AOSYM     SMH    MOLCAS    ERIS     OPER   
                                         2100   
                                          RHF  

              2       7        6.46       700     1000      520     2100     7360      701     5600   
                                         GEOM     BASIS   MCVARS     RHF    F12ABS    GEOM     GINFO   

 PROGRAMS   *        TOTAL       RHF  RMP2-F12       RHF       INT
 CPU TIMES  *      2650.83    660.46    256.46    573.73    242.45
 REAL TIME  *      3140.60 SEC
 DISK USED  *        12.81 GB      
 **********************************************************************************************************************************


 PROGRAM * RMP2 (Restricted open-shell)     Authors: H.-J. Werner, 2001

                            RMP2-F12 implementation by G. Knizia and H.-J. Werner, 2008

                   Density fitting integral evaluation by F.R. Manby, 2003,2007, G. Knizia, 2010

 Basis set CC-PVTZ/JKFIT generated.      Number of basis functions:   436 
 Basis set CC-PVTZ-F12/OPTRI generated.  Number of basis functions:   464 
 Basis set AUG-CC-PVTZ/MP2FIT generated. Number of basis functions:   608 

 Convergence thresholds:  THRVAR = 1.00D-12  THRDEN = 1.00D-08

 Number of core orbitals:           4 (   4 )
 Number of closed-shell orbitals:  10 (  10 )
 Number of active  orbitals:        2 (   2 )
 Number of external orbitals:     268 ( 268 )

 Number of N-1 electron functions:              22
 Number of N-2 electron functions:             231
 Number of singly external CSFs:              5940
 Number of doubly external CSFs:          12778965
 Total number of CSFs:                    12784905

 Molecular orbitals read from record     2100.1  Type=RHF/CANONICAL (state 1.1)

 Integral transformation finished. Total CPU:  57.49 sec, npass=  1  Memory used:  12.20 MW
 
 Geminal basis:    OPTFULL  GEM_TYPE=SLATER  BETA=1.0  NGEM=6

 Optimizing Gaussian exponents for each gem_beta

 Geminal optimization for beta= 1.0000
 Weight function:   m=0, omega= 1.4646

 Augmented Hessian optimization of geminal fit. Trust ratio= 0.40000
 Convergence reached after   2 iterations. Final gradient= 8.19D-16, Step= 4.27D-06, Delta= 1.28D-09
 
 Alpha:                 0.19532     0.81920     2.85917     9.50073    35.69989   197.79328
 Coeff:                 0.27070     0.30552     0.18297     0.10986     0.06810     0.04224
 
 
 WFN_F12=FIX,EG    DECOUPLE_EXPL=F   HYBRID=0    NOX=F   SEMIINT_F12=T   CORE_SINGLES=F
 
 AO(A)-basis ORBITAL           loaded. Number of functions:     284
 RI(R)-basis CC-PVTZ-F12/OPTRI loaded. Number of functions:     464
 DF-basis CC-PVTZ/JKFIT        loaded. Number of functions:     436

 Screening thresholds:   THRAO=  1.00D-11  THRMO=  1.00D-11  THRPROD=  1.00D-11
                         THRSW=  1.00D-08  THROV=  1.00D-12  THRAOF12=   1.00D-08

 CPU time for one-electron matrices              30.79 sec
 
 Reading frozen CA basis information from record 7360.2.
 
 Construction of ABS:
 Pseudo-inverse stability          7.35E-12
 Smallest eigenvalue of S          1.08E-04  (threshold= 1.00E-08)
 Ratio eigmin/eigmax               1.28E-05  (threshold= 1.00E-09)
 Smallest eigenvalue of S kept     1.08E-04  (threshold= 1.08E-04, 0 functions deleted, 464 kept)
 
 Construction of CABS:
 Pseudo-inverse stability          2.87E-10
 Smallest eigenvalue of S          3.74E-07  (threshold= 1.00E-08)
 Ratio eigmin/eigmax               3.74E-07  (threshold= 1.00E-09)
 Smallest eigenvalue of S kept     3.74E-07  (threshold= 3.74E-07, 0 functions deleted, 464 kept)
 
 CPU time for basis constructions                 0.39 sec
 Fock operators(MO) rebuilt from dump record.
 CPU time for fock operators                      0.33 sec
 
                                      TOTAL          ALPHA          BETA    
  Singles Contributions MO        -0.006279915   -0.003172214   -0.003107701
  Singles Contributions CABS      -0.001597674   -0.000890895   -0.000706780
  Pure DF-RHF relaxation          -0.001587287
 
 CPU time for singles                             1.55 sec
 
 AO(A)-basis ORBITAL           loaded. Number of functions:     284
 RI(R)-basis CC-PVTZ-F12/OPTRI loaded. Number of functions:     464
 DF-basis AUG-CC-PVTZ/MP2FIT   loaded. Number of functions:     608

 Screening thresholds:   THRAO=  1.00D-11  THRMO=  1.00D-11  THRPROD=  1.00D-11
                         THRSW=  1.00D-08  THROV=  1.00D-12  THRAOF12=   1.00D-08

 CPU time for transformed integrals             106.82 sec
 CPU time for F12 matrices                        6.50 sec

 Diagonal F12 ansatz with fixed amplitudes:   TS= 0.5000  TT= 0.2500  TN= 0.3750
 
 ITER.     SQ.NORM      CORR.ENERGY   TOTAL ENERGY  ENERGY CHANGE      VAR         CPU   MICRO    DIIS
   1      1.20051443    -0.75587460  -191.53055739    -7.5746E-01   1.96E-01      0.57  1  1  1   0  0
   2      1.20023585    -0.75510274  -191.52978553     7.7186E-04   1.31E-04      2.50  0  0  0   1  1
   3      1.20051703    -0.75538619  -191.53006898    -2.8345E-04   9.78E-07      4.42  0  0  0   2  2
   4      1.20052432    -0.75538785  -191.53007064    -1.6583E-06   5.54E-09      6.45  0  0  0   3  3
   5      1.20052513    -0.75538786  -191.53007065    -9.3011E-09   3.21E-11      8.68  0  0  0   4  4
   6      1.20052516    -0.75538786  -191.53007065    -5.2097E-11   1.78E-13     11.03  0  0  0   5  5
 
 - - Continuing with F12/conv. amplitude coupling turned on.
 
   7      1.20047709    -0.75549465  -191.53017744    -1.0680E-04   5.75E-05     13.28  1  1  1   1  1
   8      1.20047631    -0.75549474  -191.53017753    -8.4001E-08   1.66E-09     15.63  1  1  1   2  2
   9      1.20047632    -0.75549474  -191.53017753    -2.6540E-10   2.30E-12     18.02  1  1  1   3  3
  10      1.20047632    -0.75549473  -191.53017752     6.1460E-09   8.51E-15     20.49  1  1  1   4  4
 
 CPU time for iterative RMP2-F12                 20.49 sec
 
 
 DF-RMP2-F12 doubles corrections:
 - - - - - - - - - - - - - - - - 
  Approx.                             TOTAL           A-B            A-A            B-B    
  RMP2-F12/3C(FIX)                -0.059094360   -0.055066000   -0.002412443   -0.001615917
  RMP2-F12/3*C(FIX)               -0.058987485   -0.055085644   -0.002340420   -0.001561421
  RMP2-F12/3*C(DX)                -0.059154217   -0.055234758   -0.002349562   -0.001569896
  RMP2-F12/3*C(FIX,DX)            -0.061865732   -0.057763103   -0.002438453   -0.001664177
 
 DF-RMP2-F12 doubles energies:
 - - - - - - - - - - - - - - -
  Approx.                             TOTAL           A-B            A-A            B-B    
  RMP2                            -0.690120455   -0.524026582   -0.098028941   -0.068064932
  RMP2-F12/3C(FIX)                -0.749214815   -0.579092582   -0.100441384   -0.069680849
  RMP2-F12/3*C(FIX)               -0.749107941   -0.579112226   -0.100369361   -0.069626354
  RMP2-F12/3*C(DX)                -0.749274672   -0.579261340   -0.100378504   -0.069634829
  RMP2-F12/3*C(FIX,DX)            -0.751986188   -0.581789684   -0.100467394   -0.069729109
 
 
  Reference energy                   -190.773095505089
  CABS relaxation correction to RHF    -0.001587287086
  New reference energy               -190.774682792175
 
  RMP2-F12 singles (MO) energy         -0.006279914708
  RMP2-F12 pair energy                 -0.749214815180
  RMP2-F12 correlation energy          -0.755494729888
 
 !RMP2-F12/3C(FIX) energy            -191.530177522063


 **********************************************************************************************************************************
 DATASETS  * FILE   NREC   LENGTH (MB)   RECORD NAMES
              1      21     3075.48       500      610      700      900      701      950      970     1000      129      960   
                                          VAR    BASINP    GEOM    SYMINP    GEOM     ZMAT    AOBASIS   BASIS     P2S    ABASIS    
                                         1100     1400     1410     1200     1210     1080     1600     1650     1300     1700   
                                           S        T        V       H0       H01     AOSYM     SMH    MOLCAS    ERIS     OPER   
                                         2100   
                                          RHF  

              2       7        6.46       700     1000      520     2100     7360      701     5600   
                                         GEOM     BASIS   MCVARS     RHF    F12ABS    GEOM     GINFO   

 PROGRAMS   *        TOTAL  RMP2-F12  RMP2-F12       RHF       INT
 CPU TIMES  *      2907.62    256.78    256.46    573.73    242.45
 REAL TIME  *      3430.34 SEC
 DISK USED  *        12.81 GB      
 **********************************************************************************************************************************
 SETTING MOLPRO_ENERGY  =      -191.53017752  AU                              
 Starting task  12   Incrementing displacement  6 by -1.   CPU= 2008.33 sec, Elapsed= 2194.16 sec


 Recomputing integrals since geometry changed


 PROGRAM * SEWARD (Integral evaluation for generally contracted gaussian basis sets)     Author: Roland Lindh, 1990

 Geometry written to block  1 of record 701


 Point group  C1  



 ATOMIC COORDINATES

 NR  ATOM    CHARGE       X              Y              Z

   1  O       8.00   -2.400503467    0.037626026    0.047179646
   2  C       6.00   -0.204112542   -0.093441550    0.018506132
   3  C       6.00    1.453094878   -0.397348116    2.241880361
   4  C       6.00    1.350039041   -0.033723935   -2.296462290
   5  H       1.00    0.467075467   -0.067210350    4.086784669
   6  H       1.00    3.431259803   -0.034975997    2.252127405
   7  H       1.00    0.275300644    0.016986129   -4.122587589
   8  H       1.00    3.372596416    0.005169959   -2.422583171

 Bond lengths in Bohr (Angstrom)

 1-2  2.200484941  2-3  2.789639510  2-4  2.788912356  3-5  2.117757570  3-6  2.011107911
     ( 1.164446484)     ( 1.476213656)     ( 1.475828862)     ( 1.120669044)     ( 1.064232475)

 4-7  2.119520640  4-8  2.026859035
     ( 1.121602021)     ( 1.072567611)

 Bond angles

  1-2-3  126.09005044   1-2-4  124.45541642   2-3-5  113.62507365   2-3-6  124.66368276

  2-4-7  115.66469285   2-4-8  127.45509175   3-2-4  109.44220323   5-3-6  115.17860521

  7-4-8  116.86694598

 NUCLEAR CHARGE:                   30
 NUMBER OF PRIMITIVE AOS:         372
 NUMBER OF SYMMETRY AOS:          332
 NUMBER OF CONTRACTIONS:          284   ( 284A   )
 NUMBER OF CORE ORBITALS:           4   (   4A   )
 NUMBER OF VALENCE ORBITALS:       20   (  20A   )


 NUCLEAR REPULSION ENERGY  105.66252684


 Eigenvalues of metric

         1 0.757E-04 0.898E-04 0.961E-04 0.127E-03 0.166E-03 0.183E-03 0.201E-03 0.225E-03


 Contracted 2-electron integrals neglected if value below      1.0D-11
 AO integral compression algorithm  1   Integral accuracy      1.0D-11

     3402.105 MB (compressed) written to integral file ( 46.0%)


 NUMBER OF SORTED TWO-ELECTRON INTEGRALS:  818930685.     BUFFER LENGTH:  32768
 NUMBER OF SEGMENTS:  52  SEGMENT LENGTH:   15999984      RECORD LENGTH: 262144

 Memory used in sort:      16.29 MW

 SORT1 READ   925190747. AND WROTE   776414171. INTEGRALS IN   4469 RECORDS. CPU TIME:    51.47 SEC, REAL TIME:   149.44 SEC
 SORT2 READ   776414171. AND WROTE   818930685. INTEGRALS IN  12978 RECORDS. CPU TIME:    45.35 SEC, REAL TIME:    56.59 SEC

 FILE SIZES:   FILE 1:  3424.6 MBYTE,  FILE 4:  9372.2 MBYTE,   TOTAL:  12796.8 MBYTE

 OPERATOR DM      FOR CENTER  0  COORDINATES:    0.000000    0.000000    0.000000

 PROGRAM * RHF-SCF (OPEN SHELL)       Authors: W. Meyer, H.-J. Werner


 NUMBER OF ELECTRONS:      16+   14-    SPACE SYMMETRY=1    SPIN SYMMETRY: Triplet 
 CONVERGENCE THRESHOLDS:    1.00E-07 (Density)    1.00E-08 (Energy)
 MAX. NUMBER OF ITERATIONS:       60
 INTERPOLATION TYPE:            DIIS
 INTERPOLATION STEPS:              2 (START)      1 (STEP)
 LEVEL SHIFTS:                 -0.60 (CLOSED) -0.30 (OPEN) 

 Number of closed-shell orbitals:   14 (  14 )
 Number of open-shell orbitals:      2 (   2 )


 Molecular orbitals read from record     2100.2  Type=RHF/CANONICAL (state 1.1)

 Molecular orbital dump at record        2100.1

 ITERATION    DDIFF          GRAD             ENERGY        2-EL.EN.            DIPOLE MOMENTS         DIIS   ORB.
    1      0.000D+00      0.000D+00      -190.77297096    343.211865    1.25584    0.04871   -0.03358    0    start
    2      0.000D+00      0.185D-04      -190.77297235    343.211592    1.25640    0.04872   -0.03354    1    diag,B
    3      0.188D-04      0.718D-05      -190.77297273    343.211292    1.25668    0.04873   -0.03353    2    diag,B
    4      0.786D-05      0.227D-05      -190.77297279    343.211240    1.25684    0.04873   -0.03354    3    diag,B
    5      0.283D-05      0.611D-06      -190.77297280    343.211136    1.25687    0.04873   -0.03355    4    diag,B
    6      0.910D-06      0.233D-06      -190.77297280    343.211152    1.25689    0.04873   -0.03355    5    diag,B
    7      0.473D-06      0.115D-06      -190.77297280    343.211142    1.25690    0.04872   -0.03356    6    diag,B
    8      0.351D-06      0.573D-07      -190.77297280    343.211142    1.25691    0.04872   -0.03356    7    orth
    9      0.190D-06      0.325D-07      -190.77297280    343.211143    1.25691    0.04872   -0.03356    8    diag,B
   10      0.975D-07      0.178D-07      -190.77297280    343.211142    1.25691    0.04872   -0.03356    0    orth

 Final alpha occupancy:  16
 Final beta  occupancy:  14

 !RHF STATE 1.1 Energy               -190.772972801784
 Nuclear energy                       105.66252684
 One-electron energy                 -468.04107082
 Two-electron energy                  171.60557117
 Virial quotient                       -1.00002188
 !RHF STATE 1.1 Dipole moment           1.25690768     0.04872014    -0.03355940
 Dipole moment /Debye                   3.19453142     0.12382613    -0.08529391

 Orbital energies:

         1.1          2.1          3.1          4.1          5.1          6.1          7.1          8.1          9.1         10.1
    -20.555715   -11.333873   -11.254941   -11.254816    -1.428781    -1.031680    -0.923542    -0.748117    -0.674904    -0.656222

        11.1         12.1         13.1         14.1         15.1         16.1         17.1         18.1
     -0.600323    -0.567829    -0.542268    -0.432937    -0.434497    -0.383535     0.041339     0.051553

 HOMO     16.1    -0.383535 =     -10.4365eV
 LUMO     17.1     0.041339 =       1.1249eV
 LUMO-HOMO         0.424874 =      11.5614eV


 **********************************************************************************************************************************
 DATASETS  * FILE   NREC   LENGTH (MB)   RECORD NAMES
              1      21     3071.78       500      610      700      900      701      950      970     1000      129      960   
                                          VAR    BASINP    GEOM    SYMINP    GEOM     ZMAT    AOBASIS   BASIS     P2S    ABASIS    
                                         1100     1400     1410     1200     1210     1080     1600     1650     1300     1700   
                                           S        T        V       H0       H01     AOSYM     SMH    MOLCAS    ERIS     OPER   
                                         2100   
                                          RHF  

              2       7        6.46       700     1000      520     2100     7360      701     5600   
                                         GEOM     BASIS   MCVARS     RHF    F12ABS    GEOM     GINFO   

 PROGRAMS   *        TOTAL       RHF  RMP2-F12       RHF       INT
 CPU TIMES  *      3471.57    563.93    256.46    573.73    242.45
 REAL TIME  *      4129.03 SEC
 DISK USED  *        12.81 GB      
 **********************************************************************************************************************************


 PROGRAM * RMP2 (Restricted open-shell)     Authors: H.-J. Werner, 2001

                            RMP2-F12 implementation by G. Knizia and H.-J. Werner, 2008

                   Density fitting integral evaluation by F.R. Manby, 2003,2007, G. Knizia, 2010

 Basis set CC-PVTZ/JKFIT generated.      Number of basis functions:   436 
 Basis set CC-PVTZ-F12/OPTRI generated.  Number of basis functions:   464 
 Basis set AUG-CC-PVTZ/MP2FIT generated. Number of basis functions:   608 

 Convergence thresholds:  THRVAR = 1.00D-12  THRDEN = 1.00D-08

 Number of core orbitals:           4 (   4 )
 Number of closed-shell orbitals:  10 (  10 )
 Number of active  orbitals:        2 (   2 )
 Number of external orbitals:     268 ( 268 )

 Number of N-1 electron functions:              22
 Number of N-2 electron functions:             231
 Number of singly external CSFs:              5940
 Number of doubly external CSFs:          12778965
 Total number of CSFs:                    12784905

 Molecular orbitals read from record     2100.1  Type=RHF/CANONICAL (state 1.1)

 Integral transformation finished. Total CPU:  56.88 sec, npass=  1  Memory used:  12.20 MW
 
 Geminal basis:    OPTFULL  GEM_TYPE=SLATER  BETA=1.0  NGEM=6

 Optimizing Gaussian exponents for each gem_beta

 Geminal optimization for beta= 1.0000
 Weight function:   m=0, omega= 1.4646

 Augmented Hessian optimization of geminal fit. Trust ratio= 0.40000
 Convergence reached after   2 iterations. Final gradient= 8.19D-16, Step= 4.27D-06, Delta= 1.28D-09
 
 Alpha:                 0.19532     0.81920     2.85917     9.50073    35.69989   197.79328
 Coeff:                 0.27070     0.30552     0.18297     0.10986     0.06810     0.04224
 
 
 WFN_F12=FIX,EG    DECOUPLE_EXPL=F   HYBRID=0    NOX=F   SEMIINT_F12=T   CORE_SINGLES=F
 
 AO(A)-basis ORBITAL           loaded. Number of functions:     284
 RI(R)-basis CC-PVTZ-F12/OPTRI loaded. Number of functions:     464
 DF-basis CC-PVTZ/JKFIT        loaded. Number of functions:     436

 Screening thresholds:   THRAO=  1.00D-11  THRMO=  1.00D-11  THRPROD=  1.00D-11
                         THRSW=  1.00D-08  THROV=  1.00D-12  THRAOF12=   1.00D-08

 CPU time for one-electron matrices              30.77 sec
 
 Reading frozen CA basis information from record 7360.2.
 
 Construction of ABS:
 Pseudo-inverse stability          7.46E-12
 Smallest eigenvalue of S          1.07E-04  (threshold= 1.00E-08)
 Ratio eigmin/eigmax               1.28E-05  (threshold= 1.00E-09)
 Smallest eigenvalue of S kept     1.07E-04  (threshold= 1.07E-04, 0 functions deleted, 464 kept)
 
 Construction of CABS:
 Pseudo-inverse stability          3.71E-10
 Smallest eigenvalue of S          3.73E-07  (threshold= 1.00E-08)
 Ratio eigmin/eigmax               3.73E-07  (threshold= 1.00E-09)
 Smallest eigenvalue of S kept     3.73E-07  (threshold= 3.73E-07, 0 functions deleted, 464 kept)
 
 CPU time for basis constructions                 0.38 sec
 Fock operators(MO) rebuilt from dump record.
 CPU time for fock operators                      0.34 sec
 
                                      TOTAL          ALPHA          BETA    
  Singles Contributions MO        -0.006279451   -0.003171978   -0.003107472
  Singles Contributions CABS      -0.001597376   -0.000890690   -0.000706687
  Pure DF-RHF relaxation          -0.001586990
 
 CPU time for singles                             1.55 sec
 
 AO(A)-basis ORBITAL           loaded. Number of functions:     284
 RI(R)-basis CC-PVTZ-F12/OPTRI loaded. Number of functions:     464
 DF-basis AUG-CC-PVTZ/MP2FIT   loaded. Number of functions:     608

 Screening thresholds:   THRAO=  1.00D-11  THRMO=  1.00D-11  THRPROD=  1.00D-11
                         THRSW=  1.00D-08  THROV=  1.00D-12  THRAOF12=   1.00D-08

 CPU time for transformed integrals             107.41 sec
 CPU time for F12 matrices                        6.43 sec

 Diagonal F12 ansatz with fixed amplitudes:   TS= 0.5000  TT= 0.2500  TN= 0.3750
 
 ITER.     SQ.NORM      CORR.ENERGY   TOTAL ENERGY  ENERGY CHANGE      VAR         CPU   MICRO    DIIS
   1      1.20052976    -0.75589647  -191.53045626    -7.5748E-01   1.96E-01      0.55  1  1  1   0  0
   2      1.20025000    -0.75512322  -191.52968301     7.7325E-04   1.31E-04      2.39  0  0  0   1  1
   3      1.20053128    -0.75540677  -191.52996656    -2.8356E-04   9.79E-07      4.32  0  0  0   2  2
   4      1.20053857    -0.75540843  -191.52996822    -1.6596E-06   5.55E-09      6.33  0  0  0   3  3
   5      1.20053938    -0.75540844  -191.52996823    -9.3175E-09   3.22E-11      8.44  0  0  0   4  4
   6      1.20053941    -0.75540844  -191.52996823    -5.2168E-11   1.78E-13     10.66  0  0  0   5  5
 
 - - Continuing with F12/conv. amplitude coupling turned on.
 
   7      1.20049138    -0.75551541  -191.53007520    -1.0697E-04   5.75E-05     12.73  1  1  1   1  1
   8      1.20049059    -0.75551549  -191.53007528    -8.3997E-08   1.66E-09     14.93  1  1  1   2  2
   9      1.20049061    -0.75551549  -191.53007528    -2.1749E-10   2.30E-12     17.20  1  1  1   3  3
  10      1.20049061    -0.75551549  -191.53007528     6.1509E-09   8.53E-15     19.58  1  1  1   4  4
 
 CPU time for iterative RMP2-F12                 19.58 sec
 
 
 DF-RMP2-F12 doubles corrections:
 - - - - - - - - - - - - - - - - 
  Approx.                             TOTAL           A-B            A-A            B-B    
  RMP2-F12/3C(FIX)                -0.059094571   -0.055066047   -0.002412492   -0.001616033
  RMP2-F12/3*C(FIX)               -0.058987526   -0.055085547   -0.002340452   -0.001561527
  RMP2-F12/3*C(DX)                -0.059154221   -0.055234632   -0.002349591   -0.001569998
  RMP2-F12/3*C(FIX,DX)            -0.061865700   -0.057762943   -0.002438482   -0.001664275
 
 DF-RMP2-F12 doubles energies:
 - - - - - - - - - - - - - - -
  Approx.                             TOTAL           A-B            A-A            B-B    
  RMP2                            -0.690141464   -0.524039075   -0.098033337   -0.068069053
  RMP2-F12/3C(FIX)                -0.749236036   -0.579105122   -0.100445828   -0.069685086
  RMP2-F12/3*C(FIX)               -0.749128990   -0.579124622   -0.100373789   -0.069630579
  RMP2-F12/3*C(DX)                -0.749295686   -0.579273708   -0.100382927   -0.069639051
  RMP2-F12/3*C(FIX,DX)            -0.752007164   -0.581802018   -0.100471818   -0.069733327
 
 
  Reference energy                   -190.772972801785
  CABS relaxation correction to RHF    -0.001586990241
  New reference energy               -190.774559792026
 
  RMP2-F12 singles (MO) energy         -0.006279450742
  RMP2-F12 pair energy                 -0.749236035834
  RMP2-F12 correlation energy          -0.755515486576
 
 !RMP2-F12/3C(FIX) energy            -191.530075278601


 **********************************************************************************************************************************
 DATASETS  * FILE   NREC   LENGTH (MB)   RECORD NAMES
              1      21     3071.78       500      610      700      900      701      950      970     1000      129      960   
                                          VAR    BASINP    GEOM    SYMINP    GEOM     ZMAT    AOBASIS   BASIS     P2S    ABASIS    
                                         1100     1400     1410     1200     1210     1080     1600     1650     1300     1700   
                                           S        T        V       H0       H01     AOSYM     SMH    MOLCAS    ERIS     OPER   
                                         2100   
                                          RHF  

              2       7        6.46       700     1000      520     2100     7360      701     5600   
                                         GEOM     BASIS   MCVARS     RHF    F12ABS    GEOM     GINFO   

 PROGRAMS   *        TOTAL  RMP2-F12  RMP2-F12       RHF       INT
 CPU TIMES  *      3727.41    255.83    256.46    573.73    242.45
 REAL TIME  *      4418.34 SEC
 DISK USED  *        12.81 GB      
 **********************************************************************************************************************************
 SETTING MOLPRO_ENERGY  =      -191.53007528  AU                              
 Starting task  15   Incrementing displacement  8 by  1.   CPU= 2916.27 sec, Elapsed= 3182.16 sec


 Recomputing integrals since geometry changed


 PROGRAM * SEWARD (Integral evaluation for generally contracted gaussian basis sets)     Author: Roland Lindh, 1990

 Geometry written to block  1 of record 701


 Point group  C1  



 ATOMIC COORDINATES

 NR  ATOM    CHARGE       X              Y              Z

   1  O       8.00   -2.402710486    0.037628199    0.047363833
   2  C       6.00   -0.206355708   -0.093529984    0.017522275
   3  C       6.00    1.452284911   -0.396334178    2.239928390
   4  C       6.00    1.346649691   -0.033872201   -2.298198921
   5  H       1.00    0.474544261   -0.067800024    4.089205595
   6  H       1.00    3.430580202   -0.034967407    2.255324984
   7  H       1.00    0.280049007    0.017057900   -4.128844151
   8  H       1.00    3.369708360    0.004899862   -2.417456841

 Bond lengths in Bohr (Angstrom)

 1-2  2.200469791  2-3  2.789599975  2-4  2.788897538  3-5  2.117483802  3-6  2.011088078
     ( 1.164438467)     ( 1.476192734)     ( 1.475821021)     ( 1.120524173)     ( 1.064221980)

 4-7  2.119314241  4-8  2.026941564
     ( 1.121492799)     ( 1.072611284)

 Bond angles

  1-2-3  126.09558216   1-2-4  124.45765419   2-3-5  113.85225539   2-3-6  124.85346080

  2-4-7  115.94447952   2-4-8  127.23238231   3-2-4  109.43495598   5-3-6  114.81262265

  7-4-8  116.80979882

 NUCLEAR CHARGE:                   30
 NUMBER OF PRIMITIVE AOS:         372
 NUMBER OF SYMMETRY AOS:          332
 NUMBER OF CONTRACTIONS:          284   ( 284A   )
 NUMBER OF CORE ORBITALS:           4   (   4A   )
 NUMBER OF VALENCE ORBITALS:       20   (  20A   )


 NUCLEAR REPULSION ENERGY  105.65484530


 Eigenvalues of metric

         1 0.759E-04 0.897E-04 0.962E-04 0.127E-03 0.166E-03 0.184E-03 0.201E-03 0.225E-03


 Contracted 2-electron integrals neglected if value below      1.0D-11
 AO integral compression algorithm  1   Integral accuracy      1.0D-11

     3401.581 MB (compressed) written to integral file ( 46.0%)


 NUMBER OF SORTED TWO-ELECTRON INTEGRALS:  818930685.     BUFFER LENGTH:  32768
 NUMBER OF SEGMENTS:  52  SEGMENT LENGTH:   15999984      RECORD LENGTH: 262144

 Memory used in sort:      16.29 MW

 SORT1 READ   925190747. AND WROTE   776347477. INTEGRALS IN   4469 RECORDS. CPU TIME:    51.75 SEC, REAL TIME:    79.74 SEC
 SORT2 READ   776347477. AND WROTE   818930685. INTEGRALS IN  12976 RECORDS. CPU TIME:    44.76 SEC, REAL TIME:    69.15 SEC

 FILE SIZES:   FILE 1:  3424.1 MBYTE,  FILE 4:  9372.2 MBYTE,   TOTAL:  12796.3 MBYTE

 OPERATOR DM      FOR CENTER  0  COORDINATES:    0.000000    0.000000    0.000000

 PROGRAM * RHF-SCF (OPEN SHELL)       Authors: W. Meyer, H.-J. Werner


 NUMBER OF ELECTRONS:      16+   14-    SPACE SYMMETRY=1    SPIN SYMMETRY: Triplet 
 CONVERGENCE THRESHOLDS:    1.00E-07 (Density)    1.00E-08 (Energy)
 MAX. NUMBER OF ITERATIONS:       60
 INTERPOLATION TYPE:            DIIS
 INTERPOLATION STEPS:              2 (START)      1 (STEP)
 LEVEL SHIFTS:                 -0.60 (CLOSED) -0.30 (OPEN) 

 Number of closed-shell orbitals:   14 (  14 )
 Number of open-shell orbitals:      2 (   2 )


 Molecular orbitals read from record     2100.2  Type=RHF/CANONICAL (state 1.1)

 Molecular orbital dump at record        2100.1

 ITERATION    DDIFF          GRAD             ENERGY        2-EL.EN.            DIPOLE MOMENTS         DIIS   ORB.
    1      0.000D+00      0.000D+00      -190.77305662    343.194922    1.25750    0.04839   -0.03321    0    start
    2      0.000D+00      0.200D-04      -190.77305806    343.194699    1.25732    0.04846   -0.03348    1    diag,B
    3      0.221D-04      0.692D-05      -190.77305841    343.194664    1.25727    0.04848   -0.03364    2    diag,B
    4      0.740D-05      0.239D-05      -190.77305849    343.194569    1.25724    0.04850   -0.03373    3    diag,B
    5      0.313D-05      0.710D-06      -190.77305849    343.194601    1.25725    0.04851   -0.03376    4    diag,B
    6      0.173D-05      0.288D-06      -190.77305850    343.194573    1.25724    0.04852   -0.03376    5    diag,B
    7      0.926D-06      0.157D-06      -190.77305850    343.194586    1.25724    0.04852   -0.03376    6    diag,B
    8      0.495D-06      0.936D-07      -190.77305850    343.194585    1.25724    0.04852   -0.03376    7    orth
    9      0.278D-06      0.543D-07      -190.77305850    343.194585    1.25724    0.04851   -0.03375    8    diag,B
   10      0.246D-06      0.261D-07      -190.77305850    343.194585    1.25724    0.04851   -0.03375    9    diag,B
   11      0.116D-06      0.119D-07      -190.77305850    343.194585    1.25724    0.04851   -0.03375    9    diag,B
   12      0.771D-07      0.516D-08      -190.77305850    343.194585    1.25724    0.04851   -0.03375    0    orth

 Final alpha occupancy:  16
 Final beta  occupancy:  14

 !RHF STATE 1.1 Energy               -190.773058497123
 Nuclear energy                       105.65484530
 One-electron energy                 -468.02519651
 Two-electron energy                  171.59729271
 Virial quotient                       -1.00002290
 !RHF STATE 1.1 Dipole moment           1.25723666     0.04851391    -0.03375415
 Dipole moment /Debye                   3.19536754     0.12330198    -0.08578887

 Orbital energies:

         1.1          2.1          3.1          4.1          5.1          6.1          7.1          8.1          9.1         10.1
    -20.555715   -11.334000   -11.254942   -11.254835    -1.428786    -1.031690    -0.923505    -0.748329    -0.674896    -0.656402

        11.1         12.1         13.1         14.1         15.1         16.1         17.1         18.1
     -0.600031    -0.567814    -0.542291    -0.433092    -0.434463    -0.383492     0.041345     0.051531

 HOMO     16.1    -0.383492 =     -10.4353eV
 LUMO     17.1     0.041345 =       1.1250eV
 LUMO-HOMO         0.424836 =      11.5604eV


 **********************************************************************************************************************************
 DATASETS  * FILE   NREC   LENGTH (MB)   RECORD NAMES
              1      21     3071.27       500      610      700      900      701      950      970     1000      129      960   
                                          VAR    BASINP    GEOM    SYMINP    GEOM     ZMAT    AOBASIS   BASIS     P2S    ABASIS    
                                         1100     1400     1410     1200     1210     1080     1600     1650     1300     1700   
                                           S        T        V       H0       H01     AOSYM     SMH    MOLCAS    ERIS     OPER   
                                         2100   
                                          RHF  

              2       7        6.46       700     1000      520     2100     7360      701     5600   
                                         GEOM     BASIS   MCVARS     RHF    F12ABS    GEOM     GINFO   

 PROGRAMS   *        TOTAL       RHF  RMP2-F12       RHF       INT
 CPU TIMES  *      4356.07    628.65    256.46    573.73    242.45
 REAL TIME  *      5126.26 SEC
 DISK USED  *        12.81 GB      
 **********************************************************************************************************************************


 PROGRAM * RMP2 (Restricted open-shell)     Authors: H.-J. Werner, 2001

                            RMP2-F12 implementation by G. Knizia and H.-J. Werner, 2008

                   Density fitting integral evaluation by F.R. Manby, 2003,2007, G. Knizia, 2010

 Basis set CC-PVTZ/JKFIT generated.      Number of basis functions:   436 
 Basis set CC-PVTZ-F12/OPTRI generated.  Number of basis functions:   464 
 Basis set AUG-CC-PVTZ/MP2FIT generated. Number of basis functions:   608 

 Convergence thresholds:  THRVAR = 1.00D-12  THRDEN = 1.00D-08

 Number of core orbitals:           4 (   4 )
 Number of closed-shell orbitals:  10 (  10 )
 Number of active  orbitals:        2 (   2 )
 Number of external orbitals:     268 ( 268 )

 Number of N-1 electron functions:              22
 Number of N-2 electron functions:             231
 Number of singly external CSFs:              5940
 Number of doubly external CSFs:          12778965
 Total number of CSFs:                    12784905

 Molecular orbitals read from record     2100.1  Type=RHF/CANONICAL (state 1.1)

 Integral transformation finished. Total CPU:  56.86 sec, npass=  1  Memory used:  12.20 MW
 
 Geminal basis:    OPTFULL  GEM_TYPE=SLATER  BETA=1.0  NGEM=6

 Optimizing Gaussian exponents for each gem_beta

 Geminal optimization for beta= 1.0000
 Weight function:   m=0, omega= 1.4646

 Augmented Hessian optimization of geminal fit. Trust ratio= 0.40000
 Convergence reached after   2 iterations. Final gradient= 8.19D-16, Step= 4.27D-06, Delta= 1.28D-09
 
 Alpha:                 0.19532     0.81920     2.85917     9.50073    35.69989   197.79328
 Coeff:                 0.27070     0.30552     0.18297     0.10986     0.06810     0.04224
 
 
 WFN_F12=FIX,EG    DECOUPLE_EXPL=F   HYBRID=0    NOX=F   SEMIINT_F12=T   CORE_SINGLES=F
 
 AO(A)-basis ORBITAL           loaded. Number of functions:     284
 RI(R)-basis CC-PVTZ-F12/OPTRI loaded. Number of functions:     464
 DF-basis CC-PVTZ/JKFIT        loaded. Number of functions:     436

 Screening thresholds:   THRAO=  1.00D-11  THRMO=  1.00D-11  THRPROD=  1.00D-11
                         THRSW=  1.00D-08  THROV=  1.00D-12  THRAOF12=   1.00D-08

 CPU time for one-electron matrices              30.73 sec
 
 Reading frozen CA basis information from record 7360.2.
 
 Construction of ABS:
 Pseudo-inverse stability          8.15E-12
 Smallest eigenvalue of S          1.07E-04  (threshold= 1.00E-08)
 Ratio eigmin/eigmax               1.28E-05  (threshold= 1.00E-09)
 Smallest eigenvalue of S kept     1.07E-04  (threshold= 1.07E-04, 0 functions deleted, 464 kept)
 
 Construction of CABS:
 Pseudo-inverse stability          4.13E-10
 Smallest eigenvalue of S          3.73E-07  (threshold= 1.00E-08)
 Ratio eigmin/eigmax               3.73E-07  (threshold= 1.00E-09)
 Smallest eigenvalue of S kept     3.73E-07  (threshold= 3.73E-07, 0 functions deleted, 464 kept)
 
 CPU time for basis constructions                 0.38 sec
 Fock operators(MO) rebuilt from dump record.
 CPU time for fock operators                      0.33 sec
 
                                      TOTAL          ALPHA          BETA    
  Singles Contributions MO        -0.006281663   -0.003173108   -0.003108555
  Singles Contributions CABS      -0.001597797   -0.000890946   -0.000706851
  Pure DF-RHF relaxation          -0.001587409
 
 CPU time for singles                             1.54 sec
 
 AO(A)-basis ORBITAL           loaded. Number of functions:     284
 RI(R)-basis CC-PVTZ-F12/OPTRI loaded. Number of functions:     464
 DF-basis AUG-CC-PVTZ/MP2FIT   loaded. Number of functions:     608

 Screening thresholds:   THRAO=  1.00D-11  THRMO=  1.00D-11  THRPROD=  1.00D-11
                         THRSW=  1.00D-08  THROV=  1.00D-12  THRAOF12=   1.00D-08

 CPU time for transformed integrals             106.53 sec
 CPU time for F12 matrices                        6.29 sec

 Diagonal F12 ansatz with fixed amplitudes:   TS= 0.5000  TT= 0.2500  TN= 0.3750
 
 ITER.     SQ.NORM      CORR.ENERGY   TOTAL ENERGY  ENERGY CHANGE      VAR         CPU   MICRO    DIIS
   1      1.20052329    -0.75588080  -191.53052671    -7.5747E-01   1.96E-01      0.55  1  1  1   0  0
   2      1.20024334    -0.75510692  -191.52975283     7.7388E-04   1.31E-04      2.42  0  0  0   1  1
   3      1.20052448    -0.75539033  -191.53003623    -2.8340E-04   9.78E-07      4.36  0  0  0   2  2
   4      1.20053176    -0.75539198  -191.53003789    -1.6579E-06   5.54E-09      6.39  0  0  0   3  3
   5      1.20053258    -0.75539199  -191.53003790    -9.2987E-09   3.21E-11      8.52  0  0  0   4  4
   6      1.20053260    -0.75539199  -191.53003790    -5.2024E-11   1.77E-13     10.76  0  0  0   5  5
 
 - - Continuing with F12/conv. amplitude coupling turned on.
 
   7      1.20048452    -0.75549874  -191.53014464    -1.0674E-04   5.75E-05     12.84  1  1  1   1  1
   8      1.20048373    -0.75549882  -191.53014473    -8.3923E-08   1.66E-09     15.00  1  1  1   2  2
   9      1.20048375    -0.75549882  -191.53014473    -2.4057E-10   2.30E-12     17.27  1  1  1   3  3
  10      1.20048375    -0.75549881  -191.53014472     6.1440E-09   8.51E-15     19.62  1  1  1   4  4
 
 CPU time for iterative RMP2-F12                 19.62 sec
 
 
 DF-RMP2-F12 doubles corrections:
 - - - - - - - - - - - - - - - - 
  Approx.                             TOTAL           A-B            A-A            B-B    
  RMP2-F12/3C(FIX)                -0.059093411   -0.055065318   -0.002412333   -0.001615760
  RMP2-F12/3*C(FIX)               -0.058986590   -0.055085003   -0.002340313   -0.001561273
  RMP2-F12/3*C(DX)                -0.059153385   -0.055234164   -0.002349466   -0.001569755
  RMP2-F12/3*C(FIX,DX)            -0.061864760   -0.057762361   -0.002438360   -0.001664039
 
 DF-RMP2-F12 doubles energies:
 - - - - - - - - - - - - - - -
  Approx.                             TOTAL           A-B            A-A            B-B    
  RMP2                            -0.690123740   -0.524029996   -0.098030098   -0.068063646
  RMP2-F12/3C(FIX)                -0.749217152   -0.579095314   -0.100442432   -0.069679406
  RMP2-F12/3*C(FIX)               -0.749110330   -0.579114999   -0.100370412   -0.069624919
  RMP2-F12/3*C(DX)                -0.749277126   -0.579264160   -0.100379565   -0.069633401
  RMP2-F12/3*C(FIX,DX)            -0.751988500   -0.581792357   -0.100468458   -0.069727685
 
 
  Reference energy                   -190.773058497123
  CABS relaxation correction to RHF    -0.001587409150
  New reference energy               -190.774645906273
 
  RMP2-F12 singles (MO) energy         -0.006281663115
  RMP2-F12 pair energy                 -0.749217151838
  RMP2-F12 correlation energy          -0.755498814953
 
 !RMP2-F12/3C(FIX) energy            -191.530144721226


 **********************************************************************************************************************************
 DATASETS  * FILE   NREC   LENGTH (MB)   RECORD NAMES
              1      21     3071.27       500      610      700      900      701      950      970     1000      129      960   
                                          VAR    BASINP    GEOM    SYMINP    GEOM     ZMAT    AOBASIS   BASIS     P2S    ABASIS    
                                         1100     1400     1410     1200     1210     1080     1600     1650     1300     1700   
                                           S        T        V       H0       H01     AOSYM     SMH    MOLCAS    ERIS     OPER   
                                         2100   
                                          RHF  

              2       7        6.46       700     1000      520     2100     7360      701     5600   
                                         GEOM     BASIS   MCVARS     RHF    F12ABS    GEOM     GINFO   

 PROGRAMS   *        TOTAL  RMP2-F12  RMP2-F12       RHF       INT
 CPU TIMES  *      4611.11    255.03    256.46    573.73    242.45
 REAL TIME  *      5414.51 SEC
 DISK USED  *        12.81 GB      
 **********************************************************************************************************************************
 SETTING MOLPRO_ENERGY  =      -191.53014472  AU                              
 Starting task  17   Incrementing displacement  9 by  1.   CPU= 3890.12 sec, Elapsed= 4178.33 sec


 Recomputing integrals since geometry changed


 PROGRAM * SEWARD (Integral evaluation for generally contracted gaussian basis sets)     Author: Roland Lindh, 1990

 Geometry written to block  1 of record 701


 Point group  C1  



 ATOMIC COORDINATES

 NR  ATOM    CHARGE       X              Y              Z

   1  O       8.00   -2.401835494    0.037612062    0.051525423
   2  C       6.00   -0.205462116   -0.092966209    0.020433696
   3  C       6.00    1.454348937   -0.397687627    2.241863209
   4  C       6.00    1.346354932   -0.033885653   -2.296048997
   5  H       1.00    0.466469274   -0.067408285    4.085772198
   6  H       1.00    3.432538381   -0.034549184    2.247131494
   7  H       1.00    0.283054785    0.017032539   -4.128327393
   8  H       1.00    3.369281539    0.004934524   -2.417504466

 Bond lengths in Bohr (Angstrom)

 1-2  2.200471176  2-3  2.789727040  2-4  2.788856169  3-5  2.117779741  3-6  2.011251043
     ( 1.164439200)     ( 1.476259974)     ( 1.475799129)     ( 1.120680777)     ( 1.064308217)

 4-7  2.119066772  4-8  2.026941166
     ( 1.121361844)     ( 1.072611073)

 Bond angles

  1-2-3  126.09282488   1-2-4  124.46328009   2-3-5  113.49954154   2-3-6  124.57998651

  2-4-7  116.07260075   2-4-8  127.26554226   3-2-4  109.43061244   5-3-6  115.36368830

  7-4-8  116.64828396

 NUCLEAR CHARGE:                   30
 NUMBER OF PRIMITIVE AOS:         372
 NUMBER OF SYMMETRY AOS:          332
 NUMBER OF CONTRACTIONS:          284   ( 284A   )
 NUMBER OF CORE ORBITALS:           4   (   4A   )
 NUMBER OF VALENCE ORBITALS:       20   (  20A   )


 NUCLEAR REPULSION ENERGY  105.66228491


 Eigenvalues of metric

         1 0.758E-04 0.897E-04 0.962E-04 0.127E-03 0.167E-03 0.184E-03 0.201E-03 0.225E-03


 Contracted 2-electron integrals neglected if value below      1.0D-11
 AO integral compression algorithm  1   Integral accuracy      1.0D-11

     3401.843 MB (compressed) written to integral file ( 46.0%)


 NUMBER OF SORTED TWO-ELECTRON INTEGRALS:  818930685.     BUFFER LENGTH:  32768
 NUMBER OF SEGMENTS:  52  SEGMENT LENGTH:   15999984      RECORD LENGTH: 262144

 Memory used in sort:      16.29 MW

 SORT1 READ   925190747. AND WROTE   776403680. INTEGRALS IN   4469 RECORDS. CPU TIME:    51.61 SEC, REAL TIME:    96.57 SEC
 SORT2 READ   776403680. AND WROTE   818930685. INTEGRALS IN  12977 RECORDS. CPU TIME:    44.90 SEC, REAL TIME:    62.19 SEC

 FILE SIZES:   FILE 1:  3424.3 MBYTE,  FILE 4:  9372.2 MBYTE,   TOTAL:  12796.5 MBYTE

 OPERATOR DM      FOR CENTER  0  COORDINATES:    0.000000    0.000000    0.000000

 PROGRAM * RHF-SCF (OPEN SHELL)       Authors: W. Meyer, H.-J. Werner


 NUMBER OF ELECTRONS:      16+   14-    SPACE SYMMETRY=1    SPIN SYMMETRY: Triplet 
 CONVERGENCE THRESHOLDS:    1.00E-07 (Density)    1.00E-08 (Energy)
 MAX. NUMBER OF ITERATIONS:       60
 INTERPOLATION TYPE:            DIIS
 INTERPOLATION STEPS:              2 (START)      1 (STEP)
 LEVEL SHIFTS:                 -0.60 (CLOSED) -0.30 (OPEN) 

 Number of closed-shell orbitals:   14 (  14 )
 Number of open-shell orbitals:      2 (   2 )


 Molecular orbitals read from record     2100.2  Type=RHF/CANONICAL (state 1.1)

 Molecular orbital dump at record        2100.1

 ITERATION    DDIFF          GRAD             ENERGY        2-EL.EN.            DIPOLE MOMENTS         DIIS   ORB.
    1      0.000D+00      0.000D+00      -190.77306087    343.210716    1.25690    0.04902   -0.03584    0    start
    2      0.000D+00      0.229D-04      -190.77306277    343.210671    1.25679    0.04900   -0.03551    1    diag,B
    3      0.230D-04      0.812D-05      -190.77306324    343.210651    1.25675    0.04899   -0.03532    2    diag,B
    4      0.908D-05      0.265D-05      -190.77306332    343.210622    1.25673    0.04897   -0.03526    3    diag,B
    5      0.385D-05      0.797D-06      -190.77306333    343.210632    1.25673    0.04896   -0.03526    4    diag,B
    6      0.156D-05      0.269D-06      -190.77306333    343.210617    1.25673    0.04896   -0.03527    5    diag,B
    7      0.827D-06      0.941D-07      -190.77306333    343.210627    1.25673    0.04896   -0.03527    6    diag,B
    8      0.243D-06      0.504D-07      -190.77306333    343.210623    1.25673    0.04896   -0.03527    7    orth
    9      0.159D-06      0.285D-07      -190.77306333    343.210624    1.25673    0.04896   -0.03528    8    diag,B
   10      0.150D-06      0.163D-07      -190.77306333    343.210624    1.25673    0.04896   -0.03528    9    diag,B
   11      0.687D-07      0.968D-08      -190.77306333    343.210624    1.25673    0.04896   -0.03528    0    orth

 Final alpha occupancy:  16
 Final beta  occupancy:  14

 !RHF STATE 1.1 Energy               -190.773063333845
 Nuclear energy                       105.66228491
 One-electron energy                 -468.04066020
 Two-electron energy                  171.60531196
 Virial quotient                       -1.00002091
 !RHF STATE 1.1 Dipole moment           1.25673482     0.04896051    -0.03527699
 Dipole moment /Debye                   3.19409210     0.12443705    -0.08965928

 Orbital energies:

         1.1          2.1          3.1          4.1          5.1          6.1          7.1          8.1          9.1         10.1
    -20.555679   -11.333847   -11.255006   -11.254782    -1.428751    -1.031751    -0.923491    -0.748108    -0.674783    -0.656272

        11.1         12.1         13.1         14.1         15.1         16.1         17.1         18.1
     -0.600314    -0.567813    -0.542440    -0.432933    -0.434545    -0.383554     0.041356     0.051548

 HOMO     16.1    -0.383554 =     -10.4370eV
 LUMO     17.1     0.041356 =       1.1253eV
 LUMO-HOMO         0.424910 =      11.5624eV


 **********************************************************************************************************************************
 DATASETS  * FILE   NREC   LENGTH (MB)   RECORD NAMES
              1      21     3071.61       500      610      700      900      701      950      970     1000      129      960   
                                          VAR    BASINP    GEOM    SYMINP    GEOM     ZMAT    AOBASIS   BASIS     P2S    ABASIS    
                                         1100     1400     1410     1200     1210     1080     1600     1650     1300     1700   
                                           S        T        V       H0       H01     AOSYM     SMH    MOLCAS    ERIS     OPER   
                                         2100   
                                          RHF  

              2       7        6.46       700     1000      520     2100     7360      701     5600   
                                         GEOM     BASIS   MCVARS     RHF    F12ABS    GEOM     GINFO   

 PROGRAMS   *        TOTAL       RHF  RMP2-F12       RHF       INT
 CPU TIMES  *      5206.60    595.46    256.46    573.73    242.45
 REAL TIME  *      6098.15 SEC
 DISK USED  *        12.81 GB      
 **********************************************************************************************************************************


 PROGRAM * RMP2 (Restricted open-shell)     Authors: H.-J. Werner, 2001

                            RMP2-F12 implementation by G. Knizia and H.-J. Werner, 2008

                   Density fitting integral evaluation by F.R. Manby, 2003,2007, G. Knizia, 2010

 Basis set CC-PVTZ/JKFIT generated.      Number of basis functions:   436 
 Basis set CC-PVTZ-F12/OPTRI generated.  Number of basis functions:   464 
 Basis set AUG-CC-PVTZ/MP2FIT generated. Number of basis functions:   608 

 Convergence thresholds:  THRVAR = 1.00D-12  THRDEN = 1.00D-08

 Number of core orbitals:           4 (   4 )
 Number of closed-shell orbitals:  10 (  10 )
 Number of active  orbitals:        2 (   2 )
 Number of external orbitals:     268 ( 268 )

 Number of N-1 electron functions:              22
 Number of N-2 electron functions:             231
 Number of singly external CSFs:              5940
 Number of doubly external CSFs:          12778965
 Total number of CSFs:                    12784905

 Molecular orbitals read from record     2100.1  Type=RHF/CANONICAL (state 1.1)

 Integral transformation finished. Total CPU:  56.69 sec, npass=  1  Memory used:  12.20 MW
 
 Geminal basis:    OPTFULL  GEM_TYPE=SLATER  BETA=1.0  NGEM=6

 Optimizing Gaussian exponents for each gem_beta

 Geminal optimization for beta= 1.0000
 Weight function:   m=0, omega= 1.4646

 Augmented Hessian optimization of geminal fit. Trust ratio= 0.40000
 Convergence reached after   2 iterations. Final gradient= 8.19D-16, Step= 4.27D-06, Delta= 1.28D-09
 
 Alpha:                 0.19532     0.81920     2.85917     9.50073    35.69989   197.79328
 Coeff:                 0.27070     0.30552     0.18297     0.10986     0.06810     0.04224
 
 
 WFN_F12=FIX,EG    DECOUPLE_EXPL=F   HYBRID=0    NOX=F   SEMIINT_F12=T   CORE_SINGLES=F
 
 AO(A)-basis ORBITAL           loaded. Number of functions:     284
 RI(R)-basis CC-PVTZ-F12/OPTRI loaded. Number of functions:     464
 DF-basis CC-PVTZ/JKFIT        loaded. Number of functions:     436

 Screening thresholds:   THRAO=  1.00D-11  THRMO=  1.00D-11  THRPROD=  1.00D-11
                         THRSW=  1.00D-08  THROV=  1.00D-12  THRAOF12=   1.00D-08

 CPU time for one-electron matrices              30.77 sec
 
 Reading frozen CA basis information from record 7360.2.
 
 Construction of ABS:
 Pseudo-inverse stability          7.55E-12
 Smallest eigenvalue of S          1.07E-04  (threshold= 1.00E-08)
 Ratio eigmin/eigmax               1.28E-05  (threshold= 1.00E-09)
 Smallest eigenvalue of S kept     1.07E-04  (threshold= 1.07E-04, 0 functions deleted, 464 kept)
 
 Construction of CABS:
 Pseudo-inverse stability          3.58E-10
 Smallest eigenvalue of S          3.73E-07  (threshold= 1.00E-08)
 Ratio eigmin/eigmax               3.73E-07  (threshold= 1.00E-09)
 Smallest eigenvalue of S kept     3.73E-07  (threshold= 3.73E-07, 0 functions deleted, 464 kept)
 
 CPU time for basis constructions                 0.38 sec
 Fock operators(MO) rebuilt from dump record.
 CPU time for fock operators                      0.35 sec
 
                                      TOTAL          ALPHA          BETA    
  Singles Contributions MO        -0.006278760   -0.003171637   -0.003107123
  Singles Contributions CABS      -0.001597610   -0.000890835   -0.000706775
  Pure DF-RHF relaxation          -0.001587224
 
 CPU time for singles                             1.54 sec
 
 AO(A)-basis ORBITAL           loaded. Number of functions:     284
 RI(R)-basis CC-PVTZ-F12/OPTRI loaded. Number of functions:     464
 DF-basis AUG-CC-PVTZ/MP2FIT   loaded. Number of functions:     608

 Screening thresholds:   THRAO=  1.00D-11  THRMO=  1.00D-11  THRPROD=  1.00D-11
                         THRSW=  1.00D-08  THROV=  1.00D-12  THRAOF12=   1.00D-08

 CPU time for transformed integrals             106.66 sec
 CPU time for F12 matrices                        6.34 sec

 Diagonal F12 ansatz with fixed amplitudes:   TS= 0.5000  TT= 0.2500  TN= 0.3750
 
 ITER.     SQ.NORM      CORR.ENERGY   TOTAL ENERGY  ENERGY CHANGE      VAR         CPU   MICRO    DIIS
   1      1.20051509    -0.75587413  -191.53052468    -7.5746E-01   1.96E-01      0.54  1  1  1   0  0
   2      1.20023626    -0.75510177  -191.52975233     7.7236E-04   1.32E-04      2.37  0  0  0   1  1
   3      1.20051768    -0.75538546  -191.53003602    -2.8370E-04   9.80E-07      4.27  0  0  0   2  2
   4      1.20052498    -0.75538713  -191.53003768    -1.6618E-06   5.56E-09      6.27  0  0  0   3  3
   5      1.20052580    -0.75538713  -191.53003769    -9.3371E-09   3.22E-11      8.39  0  0  0   4  4
   6      1.20052582    -0.75538713  -191.53003769    -5.2306E-11   1.79E-13     10.61  0  0  0   5  5
 
 - - Continuing with F12/conv. amplitude coupling turned on.
 
   7      1.20047776    -0.75549396  -191.53014452    -1.0682E-04   5.75E-05     12.70  1  1  1   1  1
   8      1.20047697    -0.75549404  -191.53014460    -8.4019E-08   1.66E-09     14.86  1  1  1   2  2
   9      1.20047699    -0.75549404  -191.53014460    -2.1350E-10   2.30E-12     17.12  1  1  1   3  3
  10      1.20047699    -0.75549404  -191.53014460     6.1553E-09   8.55E-15     19.52  1  1  1   4  4
 
 CPU time for iterative RMP2-F12                 19.52 sec
 
 
 DF-RMP2-F12 doubles corrections:
 - - - - - - - - - - - - - - - - 
  Approx.                             TOTAL           A-B            A-A            B-B    
  RMP2-F12/3C(FIX)                -0.059094262   -0.055065882   -0.002412401   -0.001615979
  RMP2-F12/3*C(FIX)               -0.058987360   -0.055085498   -0.002340378   -0.001561484
  RMP2-F12/3*C(DX)                -0.059154037   -0.055234574   -0.002349512   -0.001569951
  RMP2-F12/3*C(FIX,DX)            -0.061865689   -0.057763030   -0.002438418   -0.001664241
 
 DF-RMP2-F12 doubles energies:
 - - - - - - - - - - - - - - -
  Approx.                             TOTAL           A-B            A-A            B-B    
  RMP2                            -0.690121015   -0.524026427   -0.098028435   -0.068066153
  RMP2-F12/3C(FIX)                -0.749215278   -0.579092309   -0.100440835   -0.069682133
  RMP2-F12/3*C(FIX)               -0.749108375   -0.579111925   -0.100368813   -0.069627637
  RMP2-F12/3*C(DX)                -0.749275052   -0.579261001   -0.100377947   -0.069636104
  RMP2-F12/3*C(FIX,DX)            -0.751986704   -0.581789457   -0.100466853   -0.069730394
 
 
  Reference energy                   -190.773063333845
  CABS relaxation correction to RHF    -0.001587224327
  New reference energy               -190.774650558172
 
  RMP2-F12 singles (MO) energy         -0.006278759560
  RMP2-F12 pair energy                 -0.749215277567
  RMP2-F12 correlation energy          -0.755494037127
 
 !RMP2-F12/3C(FIX) energy            -191.530144595299


 **********************************************************************************************************************************
 DATASETS  * FILE   NREC   LENGTH (MB)   RECORD NAMES
              1      21     3071.61       500      610      700      900      701      950      970     1000      129      960   
                                          VAR    BASINP    GEOM    SYMINP    GEOM     ZMAT    AOBASIS   BASIS     P2S    ABASIS    
                                         1100     1400     1410     1200     1210     1080     1600     1650     1300     1700   
                                           S        T        V       H0       H01     AOSYM     SMH    MOLCAS    ERIS     OPER   
                                         2100   
                                          RHF  

              2       7        6.46       700     1000      520     2100     7360      701     5600   
                                         GEOM     BASIS   MCVARS     RHF    F12ABS    GEOM     GINFO   

 PROGRAMS   *        TOTAL  RMP2-F12  RMP2-F12       RHF       INT
 CPU TIMES  *      5461.33    254.74    256.46    573.73    242.45
 REAL TIME  *      6387.18 SEC
 DISK USED  *        12.81 GB      
 **********************************************************************************************************************************
 SETTING MOLPRO_ENERGY  =      -191.53014460  AU                              
 Starting task  22   Incrementing displacement 11 by -1.   CPU= 4830.35 sec, Elapsed= 5150.99 sec


 Recomputing integrals since geometry changed


 PROGRAM * SEWARD (Integral evaluation for generally contracted gaussian basis sets)     Author: Roland Lindh, 1990

 Geometry written to block  1 of record 701


 Point group  C1  



 ATOMIC COORDINATES

 NR  ATOM    CHARGE       X              Y              Z

   1  O       8.00   -2.401833720    0.038162531    0.040076257
   2  C       6.00   -0.205349663   -0.093489118    0.021515420
   3  C       6.00    1.453644622   -0.398068475    2.243094320
   4  C       6.00    1.346909213   -0.033642302   -2.295103856
   5  H       1.00    0.470713446   -0.067677122    4.089851188
   6  H       1.00    3.433518750   -0.034108518    2.247654481
   7  H       1.00    0.279535747    0.016992466   -4.124804520
   8  H       1.00    3.367611844    0.004912705   -2.417438126

 Bond lengths in Bohr (Angstrom)

 1-2  2.200504231  2-3  2.789344623  2-4  2.789231818  3-5  2.117976174  3-6  2.013054695
     ( 1.164456692)     ( 1.476057608)     ( 1.475997914)     ( 1.120784725)     ( 1.065262669)

 4-7  2.118880486  4-8  2.024769440
     ( 1.121263266)     ( 1.071461845)

 Bond angles

  1-2-3  126.40503762   1-2-4  124.14046047   2-3-5  113.66606146   2-3-6  124.54268239

  2-4-7  115.93654336   2-4-8  127.30015703   3-2-4  109.44166414   5-3-6  115.23053750

  7-4-8  116.75036958

 NUCLEAR CHARGE:                   30
 NUMBER OF PRIMITIVE AOS:         372
 NUMBER OF SYMMETRY AOS:          332
 NUMBER OF CONTRACTIONS:          284   ( 284A   )
 NUMBER OF CORE ORBITALS:           4   (   4A   )
 NUMBER OF VALENCE ORBITALS:       20   (  20A   )


 NUCLEAR REPULSION ENERGY  105.66264942


 Eigenvalues of metric

         1 0.758E-04 0.897E-04 0.962E-04 0.127E-03 0.166E-03 0.184E-03 0.201E-03 0.225E-03


 Contracted 2-electron integrals neglected if value below      1.0D-11
 AO integral compression algorithm  1   Integral accuracy      1.0D-11

     3401.318 MB (compressed) written to integral file ( 46.0%)


 NUMBER OF SORTED TWO-ELECTRON INTEGRALS:  818930685.     BUFFER LENGTH:  32768
 NUMBER OF SEGMENTS:  52  SEGMENT LENGTH:   15999984      RECORD LENGTH: 262144

 Memory used in sort:      16.29 MW

 SORT1 READ   925190747. AND WROTE   776393915. INTEGRALS IN   4469 RECORDS. CPU TIME:    51.68 SEC, REAL TIME:    73.73 SEC
 SORT2 READ   776393915. AND WROTE   818930685. INTEGRALS IN  12975 RECORDS. CPU TIME:    45.22 SEC, REAL TIME:    62.87 SEC

 FILE SIZES:   FILE 1:  3423.8 MBYTE,  FILE 4:  9372.2 MBYTE,   TOTAL:  12796.0 MBYTE

 OPERATOR DM      FOR CENTER  0  COORDINATES:    0.000000    0.000000    0.000000

 PROGRAM * RHF-SCF (OPEN SHELL)       Authors: W. Meyer, H.-J. Werner


 NUMBER OF ELECTRONS:      16+   14-    SPACE SYMMETRY=1    SPIN SYMMETRY: Triplet 
 CONVERGENCE THRESHOLDS:    1.00E-07 (Density)    1.00E-08 (Energy)
 MAX. NUMBER OF ITERATIONS:       60
 INTERPOLATION TYPE:            DIIS
 INTERPOLATION STEPS:              2 (START)      1 (STEP)
 LEVEL SHIFTS:                 -0.60 (CLOSED) -0.30 (OPEN) 

 Number of closed-shell orbitals:   14 (  14 )
 Number of open-shell orbitals:      2 (   2 )


 Molecular orbitals read from record     2100.2  Type=RHF/CANONICAL (state 1.1)

 Molecular orbital dump at record        2100.1

 ITERATION    DDIFF          GRAD             ENERGY        2-EL.EN.            DIPOLE MOMENTS         DIIS   ORB.
    1      0.000D+00      0.000D+00      -190.77304054    343.211226    1.25682    0.04851   -0.02792    0    start
    2      0.000D+00      0.549D-04      -190.77305015    343.211206    1.25672    0.04842   -0.02709    1    diag,B
    3      0.528D-04      0.186D-04      -190.77305226    343.211371    1.25675    0.04838   -0.02666    2    diag,B
    4      0.180D-04      0.545D-05      -190.77305253    343.211308    1.25674    0.04835   -0.02656    3    diag,B
    5      0.631D-05      0.130D-05      -190.77305255    343.211370    1.25675    0.04834   -0.02660    4    diag,B
    6      0.247D-05      0.434D-06      -190.77305255    343.211327    1.25674    0.04833   -0.02663    5    diag,B
    7      0.130D-05      0.185D-06      -190.77305255    343.211347    1.25674    0.04832   -0.02664    6    diag,B
    8      0.674D-06      0.836D-07      -190.77305255    343.211342    1.25674    0.04832   -0.02666    7    orth
    9      0.401D-06      0.295D-07      -190.77305255    343.211343    1.25674    0.04832   -0.02666    8    diag,B
   10      0.139D-06      0.103D-07      -190.77305255    343.211343    1.25674    0.04832   -0.02666    9    diag,B
   11      0.573D-07      0.376D-08      -190.77305255    343.211343    1.25674    0.04832   -0.02666    0    orth

 Final alpha occupancy:  16
 Final beta  occupancy:  14

 !RHF STATE 1.1 Energy               -190.773052553119
 Nuclear energy                       105.66264942
 One-electron energy                 -468.04137354
 Two-electron energy                  171.60567157
 Virial quotient                       -1.00001952
 !RHF STATE 1.1 Dipole moment           1.25674167     0.04831793    -0.02666217
 Dipole moment /Debye                   3.19410949     0.12280389    -0.06776404

 Orbital energies:

         1.1          2.1          3.1          4.1          5.1          6.1          7.1          8.1          9.1         10.1
    -20.555670   -11.333856   -11.255476   -11.254296    -1.428743    -1.031745    -0.923498    -0.748129    -0.674786    -0.656281

        11.1         12.1         13.1         14.1         15.1         16.1         17.1         18.1
     -0.600303    -0.567796    -0.542455    -0.432934    -0.434621    -0.383474     0.041355     0.051547

 HOMO     16.1    -0.383474 =     -10.4349eV
 LUMO     17.1     0.041355 =       1.1253eV
 LUMO-HOMO         0.424829 =      11.5602eV


 **********************************************************************************************************************************
 DATASETS  * FILE   NREC   LENGTH (MB)   RECORD NAMES
              1      21     3071.10       500      610      700      900      701      950      970     1000      129      960   
                                          VAR    BASINP    GEOM    SYMINP    GEOM     ZMAT    AOBASIS   BASIS     P2S    ABASIS    
                                         1100     1400     1410     1200     1210     1080     1600     1650     1300     1700   
                                           S        T        V       H0       H01     AOSYM     SMH    MOLCAS    ERIS     OPER   
                                         2100   
                                          RHF  

              2       7        6.46       700     1000      520     2100     7360      701     5600   
                                         GEOM     BASIS   MCVARS     RHF    F12ABS    GEOM     GINFO   

 PROGRAMS   *        TOTAL       RHF  RMP2-F12       RHF       INT
 CPU TIMES  *      6057.50    596.16    256.46    573.73    242.45
 REAL TIME  *      7048.76 SEC
 DISK USED  *        12.81 GB      
 **********************************************************************************************************************************


 PROGRAM * RMP2 (Restricted open-shell)     Authors: H.-J. Werner, 2001

                            RMP2-F12 implementation by G. Knizia and H.-J. Werner, 2008

                   Density fitting integral evaluation by F.R. Manby, 2003,2007, G. Knizia, 2010

 Basis set CC-PVTZ/JKFIT generated.      Number of basis functions:   436 
 Basis set CC-PVTZ-F12/OPTRI generated.  Number of basis functions:   464 
 Basis set AUG-CC-PVTZ/MP2FIT generated. Number of basis functions:   608 

 Convergence thresholds:  THRVAR = 1.00D-12  THRDEN = 1.00D-08

 Number of core orbitals:           4 (   4 )
 Number of closed-shell orbitals:  10 (  10 )
 Number of active  orbitals:        2 (   2 )
 Number of external orbitals:     268 ( 268 )

 Number of N-1 electron functions:              22
 Number of N-2 electron functions:             231
 Number of singly external CSFs:              5940
 Number of doubly external CSFs:          12778965
 Total number of CSFs:                    12784905

 Molecular orbitals read from record     2100.1  Type=RHF/CANONICAL (state 1.1)

 Integral transformation finished. Total CPU:  56.59 sec, npass=  1  Memory used:  12.20 MW
 
 Geminal basis:    OPTFULL  GEM_TYPE=SLATER  BETA=1.0  NGEM=6

 Optimizing Gaussian exponents for each gem_beta

 Geminal optimization for beta= 1.0000
 Weight function:   m=0, omega= 1.4646

 Augmented Hessian optimization of geminal fit. Trust ratio= 0.40000
 Convergence reached after   2 iterations. Final gradient= 8.19D-16, Step= 4.27D-06, Delta= 1.28D-09
 
 Alpha:                 0.19532     0.81920     2.85917     9.50073    35.69989   197.79328
 Coeff:                 0.27070     0.30552     0.18297     0.10986     0.06810     0.04224
 
 
 WFN_F12=FIX,EG    DECOUPLE_EXPL=F   HYBRID=0    NOX=F   SEMIINT_F12=T   CORE_SINGLES=F
 
 AO(A)-basis ORBITAL           loaded. Number of functions:     284
 RI(R)-basis CC-PVTZ-F12/OPTRI loaded. Number of functions:     464
 DF-basis CC-PVTZ/JKFIT        loaded. Number of functions:     436

 Screening thresholds:   THRAO=  1.00D-11  THRMO=  1.00D-11  THRPROD=  1.00D-11
                         THRSW=  1.00D-08  THROV=  1.00D-12  THRAOF12=   1.00D-08

 CPU time for one-electron matrices              30.75 sec
 
 Reading frozen CA basis information from record 7360.2.
 
 Construction of ABS:
 Pseudo-inverse stability          9.54E-12
 Smallest eigenvalue of S          1.07E-04  (threshold= 1.00E-08)
 Ratio eigmin/eigmax               1.28E-05  (threshold= 1.00E-09)
 Smallest eigenvalue of S kept     1.07E-04  (threshold= 1.07E-04, 0 functions deleted, 464 kept)
 
 Construction of CABS:
 Pseudo-inverse stability          5.07E-10
 Smallest eigenvalue of S          3.73E-07  (threshold= 1.00E-08)
 Ratio eigmin/eigmax               3.73E-07  (threshold= 1.00E-09)
 Smallest eigenvalue of S kept     3.73E-07  (threshold= 3.73E-07, 0 functions deleted, 464 kept)
 
 CPU time for basis constructions                 0.38 sec
 Fock operators(MO) rebuilt from dump record.
 CPU time for fock operators                      0.34 sec
 
                                      TOTAL          ALPHA          BETA    
  Singles Contributions MO        -0.006279048   -0.003171789   -0.003107260
  Singles Contributions CABS      -0.001597655   -0.000890876   -0.000706779
  Pure DF-RHF relaxation          -0.001587269
 
 CPU time for singles                             1.54 sec
 
 AO(A)-basis ORBITAL           loaded. Number of functions:     284
 RI(R)-basis CC-PVTZ-F12/OPTRI loaded. Number of functions:     464
 DF-basis AUG-CC-PVTZ/MP2FIT   loaded. Number of functions:     608

 Screening thresholds:   THRAO=  1.00D-11  THRMO=  1.00D-11  THRPROD=  1.00D-11
                         THRSW=  1.00D-08  THROV=  1.00D-12  THRAOF12=   1.00D-08

 CPU time for transformed integrals             107.99 sec
 CPU time for F12 matrices                        6.35 sec

 Diagonal F12 ansatz with fixed amplitudes:   TS= 0.5000  TT= 0.2500  TN= 0.3750
 
 ITER.     SQ.NORM      CORR.ENERGY   TOTAL ENERGY  ENERGY CHANGE      VAR         CPU   MICRO    DIIS
   1      1.20051265    -0.75587250  -191.53051232    -7.5746E-01   1.96E-01      0.56  1  1  1   0  0
   2      1.20023492    -0.75510141  -191.52974123     7.7109E-04   1.32E-04      2.40  0  0  0   1  1
   3      1.20051657    -0.75538530  -191.53002512    -2.8389E-04   9.82E-07      4.30  0  0  0   2  2
   4      1.20052389    -0.75538696  -191.53002679    -1.6652E-06   5.57E-09      6.34  0  0  0   3  3
   5      1.20052471    -0.75538697  -191.53002680    -9.3629E-09   3.23E-11      8.48  0  0  0   4  4
   6      1.20052473    -0.75538697  -191.53002680    -5.2482E-11   1.79E-13     10.70  0  0  0   5  5
 
 - - Continuing with F12/conv. amplitude coupling turned on.
 
   7      1.20047668    -0.75549380  -191.53013362    -1.0683E-04   5.75E-05     12.81  1  1  1   1  1
   8      1.20047589    -0.75549389  -191.53013371    -8.4024E-08   1.67E-09     14.99  1  1  1   2  2
   9      1.20047591    -0.75549389  -191.53013371    -2.4677E-10   2.30E-12     17.25  1  1  1   3  3
  10      1.20047591    -0.75549388  -191.53013370     6.1564E-09   8.56E-15     19.62  1  1  1   4  4
 
 CPU time for iterative RMP2-F12                 19.62 sec
 
 
 DF-RMP2-F12 doubles corrections:
 - - - - - - - - - - - - - - - - 
  Approx.                             TOTAL           A-B            A-A            B-B    
  RMP2-F12/3C(FIX)                -0.059094402   -0.055065999   -0.002412419   -0.001615985
  RMP2-F12/3*C(FIX)               -0.058987496   -0.055085613   -0.002340394   -0.001561489
  RMP2-F12/3*C(DX)                -0.059154188   -0.055234701   -0.002349529   -0.001569958
  RMP2-F12/3*C(FIX,DX)            -0.061865927   -0.057763246   -0.002438437   -0.001664245
 
 DF-RMP2-F12 doubles energies:
 - - - - - - - - - - - - - - -
  Approx.                             TOTAL           A-B            A-A            B-B    
  RMP2                            -0.690120429   -0.524026029   -0.098028093   -0.068066306
  RMP2-F12/3C(FIX)                -0.749214831   -0.579092028   -0.100440512   -0.069682291
  RMP2-F12/3*C(FIX)               -0.749107925   -0.579111643   -0.100368488   -0.069627795
  RMP2-F12/3*C(DX)                -0.749274616   -0.579260730   -0.100377622   -0.069636263
  RMP2-F12/3*C(FIX,DX)            -0.751986356   -0.581789275   -0.100466530   -0.069730551
 
 
  Reference energy                   -190.773052553124
  CABS relaxation correction to RHF    -0.001587269335
  New reference energy               -190.774639822459
 
  RMP2-F12 singles (MO) energy         -0.006279048448
  RMP2-F12 pair energy                 -0.749214830747
  RMP2-F12 correlation energy          -0.755493879194
 
 !RMP2-F12/3C(FIX) energy            -191.530133701654


 **********************************************************************************************************************************
 DATASETS  * FILE   NREC   LENGTH (MB)   RECORD NAMES
              1      21     3071.10       500      610      700      900      701      950      970     1000      129      960   
                                          VAR    BASINP    GEOM    SYMINP    GEOM     ZMAT    AOBASIS   BASIS     P2S    ABASIS    
                                         1100     1400     1410     1200     1210     1080     1600     1650     1300     1700   
                                           S        T        V       H0       H01     AOSYM     SMH    MOLCAS    ERIS     OPER   
                                         2100   
                                          RHF  

              2       7        6.46       700     1000      520     2100     7360      701     5600   
                                         GEOM     BASIS   MCVARS     RHF    F12ABS    GEOM     GINFO   

 PROGRAMS   *        TOTAL  RMP2-F12  RMP2-F12       RHF       INT
 CPU TIMES  *      6313.44    255.93    256.46    573.73    242.45
 REAL TIME  *      7338.47 SEC
 DISK USED  *        12.81 GB      
 **********************************************************************************************************************************
 SETTING MOLPRO_ENERGY  =      -191.53013370  AU                              
 Starting task  26   Incrementing displacement 13 by -1.   CPU= 5773.80 sec, Elapsed= 6102.28 sec


 Recomputing integrals since geometry changed


 PROGRAM * SEWARD (Integral evaluation for generally contracted gaussian basis sets)     Author: Roland Lindh, 1990

 Geometry written to block  1 of record 701


 Point group  C1  



 ATOMIC COORDINATES

 NR  ATOM    CHARGE       X              Y              Z

   1  O       8.00   -2.402422980    0.037580499    0.048444467
   2  C       6.00   -0.206077933   -0.092977462    0.014516671
   3  C       6.00    1.451410264   -0.398444921    2.238642220
   4  C       6.00    1.348971402   -0.033821764   -2.299040201
   5  H       1.00    0.468737609   -0.067026614    4.093879837
   6  H       1.00    3.433796442   -0.034062562    2.247722592
   7  H       1.00    0.281173519    0.016898360   -4.121798677
   8  H       1.00    3.369161916    0.004936631   -2.417521746

 Bond lengths in Bohr (Angstrom)

 1-2  2.200483593  2-3  2.790575560  2-4  2.788229408  3-5  2.125415314  3-6  2.015617006
     ( 1.164445770)     ( 1.476708992)     ( 1.475467462)     ( 1.124721348)     ( 1.066618585)

 4-7  2.113105135  4-8  2.024033054
     ( 1.118207082)     ( 1.071072166)

 Bond angles

  1-2-3  125.94781938   1-2-4  124.62515451   2-3-5  113.82951430   2-3-6  124.60868770

  2-4-7  115.74895617   2-4-8  127.27481079   3-2-4  109.41379963   5-3-6  114.99883418

  7-4-8  116.96258642

 NUCLEAR CHARGE:                   30
 NUMBER OF PRIMITIVE AOS:         372
 NUMBER OF SYMMETRY AOS:          332
 NUMBER OF CONTRACTIONS:          284   ( 284A   )
 NUMBER OF CORE ORBITALS:           4   (   4A   )
 NUMBER OF VALENCE ORBITALS:       20   (  20A   )


 NUCLEAR REPULSION ENERGY  105.65241412


 Eigenvalues of metric

         1 0.759E-04 0.899E-04 0.960E-04 0.127E-03 0.166E-03 0.183E-03 0.202E-03 0.226E-03


 Contracted 2-electron integrals neglected if value below      1.0D-11
 AO integral compression algorithm  1   Integral accuracy      1.0D-11

     3401.318 MB (compressed) written to integral file ( 46.0%)


 NUMBER OF SORTED TWO-ELECTRON INTEGRALS:  818930685.     BUFFER LENGTH:  32768
 NUMBER OF SEGMENTS:  52  SEGMENT LENGTH:   15999984      RECORD LENGTH: 262144

 Memory used in sort:      16.29 MW

 SORT1 READ   925190747. AND WROTE   776348562. INTEGRALS IN   4469 RECORDS. CPU TIME:    51.69 SEC, REAL TIME:    73.73 SEC
